[2025-05-13T18:44:57] Installed:  using ipf_acpi.inf
[2025-05-13T18:45:00] Installed:  using iaLPSS2_GPIO2_ADL.inf
[2025-05-13T18:45:03] Installed: MAFP General Device  using Rtkfilter.inf
[2025-05-13T18:45:04] Installed: PCI Device using AlderLakePCH-PSystem.inf
[2025-05-13T18:45:05] Installed: PCI Simple Communications Controller using heci.inf
[2025-05-13T18:45:06] Installed:  using ECSWifiDetect.inf
[2025-05-13T18:45:07] Installed: PCI Device using iaLPSS2_I2C_ADL.inf
[2025-05-13T18:45:08] Installed: PCI Data Acquisition and Signal Processing Controller using ipf_cpu.inf
[2025-05-13T18:45:09] Installed: SM Bus Controller using AlderLakePCH-PSystem.inf
[2025-05-13T18:45:13] Installed: Network Controller using netrtwlane601.inf
[2025-05-13T18:45:13] Installed:  using ipf_acpi.inf
[2025-05-13T18:45:14] Installed: USB2.0-CRW using RtsUer.inf
[2025-05-13T18:45:15] Installed: Base System Device using gna.inf
[2025-05-13T19:18:29] Installed:  using ipf_acpi.inf
[2025-05-13T19:18:30] Installed:  using iaLPSS2_GPIO2_ADL.inf
[2025-05-13T19:18:31] Installed: PCI Device using AlderLakePCH-PSystem.inf
[2025-05-13T19:18:32] Installed: PCI Simple Communications Controller using heci.inf
[2025-05-13T19:18:33] Installed:  using ECSWifiDetect.inf
[2025-05-13T19:18:33] Installed: PCI Device using iaLPSS2_I2C_ADL.inf
[2025-05-13T19:18:35] Installed: PCI Data Acquisition and Signal Processing Controller using ipf_cpu.inf
[2025-05-13T19:18:35] Installed: SM Bus Controller using AlderLakePCH-PSystem.inf
[2025-05-13T19:18:39] Installed: Network Controller using netrtwlane601.inf
[2025-05-13T19:18:39] Installed:  using ipf_acpi.inf
[2025-05-13T19:18:40] Installed: USB2.0-CRW using RtsUer.inf
[2025-05-13T19:18:41] Installed: Base System Device using gna.inf
[2025-05-13T19:18:43] Installed: MAFP General Device  using Rtkfilter.inf
[2025-05-13T21:35:37] Installed:  using ipf_acpi.inf
[2025-05-13T21:35:38] Installed:  using iaLPSS2_GPIO2_ADL.inf
[2025-05-13T21:35:40] Installed: MAFP General Device  using Rtkfilter.inf
[2025-05-13T21:35:41] Installed: PCI Device using AlderLakePCH-PSystem.inf
[2025-05-13T21:35:42] Installed: PCI Simple Communications Controller using heci.inf
[2025-05-13T21:35:43] Installed:  using ECSWifiDetect.inf
[2025-05-13T21:35:44] Installed: PCI Device using iaLPSS2_I2C_ADL.inf
[2025-05-13T21:35:45] Installed: PCI Data Acquisition and Signal Processing Controller using ipf_cpu.inf
[2025-05-13T21:35:45] Installed: SM Bus Controller using AlderLakePCH-PSystem.inf
[2025-05-13T21:35:49] Installed: Network Controller using netrtwlane601.inf
[2025-05-13T21:35:49] Installed:  using ipf_acpi.inf
[2025-05-13T21:35:50] Installed: USB2.0-CRW using RtsUer.inf
[2025-05-13T21:35:51] Installed: Base System Device using gna.inf
[2025-05-13T21:43:31] Installed:  using ipf_acpi.inf
[2025-05-13T21:43:32] Installed:  using iaLPSS2_GPIO2_ADL.inf
[2025-05-13T21:43:33] Installed: PCI Device using AlderLakePCH-PSystem.inf
[2025-05-13T21:43:34] Installed: PCI Simple Communications Controller using heci.inf
[2025-05-13T21:43:35] Installed:  using ECSWifiDetect.inf
[2025-05-13T21:43:36] Installed: PCI Device using iaLPSS2_I2C_ADL.inf
[2025-05-13T21:43:37] Installed: PCI Data Acquisition and Signal Processing Controller using ipf_cpu.inf
[2025-05-13T21:43:38] Installed: SM Bus Controller using AlderLakePCH-PSystem.inf
[2025-05-13T21:43:41] Installed: Network Controller using netrtwlane601.inf
[2025-05-13T21:43:42] Installed:  using ipf_acpi.inf
[2025-05-13T21:43:43] Installed: USB2.0-CRW using RtsUer.inf
[2025-05-13T21:43:44] Installed: Base System Device using gna.inf
[2025-05-13T21:43:46] Installed: MAFP General Device  using Rtkfilter.inf
[2025-05-13T21:44:19] Installed:  using ipf_acpi.inf
[2025-05-13T21:44:19] Installed:  using iaLPSS2_GPIO2_ADL.inf
[2025-05-13T21:44:21] Installed: PCI Device using AlderLakePCH-PSystem.inf
[2025-05-13T21:44:21] Installed: PCI Simple Communications Controller using heci.inf
[2025-05-13T21:44:22] Installed:  using ECSWifiDetect.inf
[2025-05-13T21:44:23] Installed: PCI Device using iaLPSS2_I2C_ADL.inf
[2025-05-13T21:44:24] Installed: PCI Data Acquisition and Signal Processing Controller using ipf_cpu.inf
[2025-05-13T21:44:24] Installed: SM Bus Controller using AlderLakePCH-PSystem.inf
[2025-05-13T21:44:28] Installed: Network Controller using netrtwlane601.inf
[2025-05-13T21:44:29] Installed:  using ipf_acpi.inf
[2025-05-13T21:44:30] Installed: USB2.0-CRW using RtsUer.inf
[2025-05-13T21:44:31] Installed: Base System Device using gna.inf
[2025-05-13T21:44:33] Installed: MAFP General Device  using Rtkfilter.inf
[2025-05-16T13:48:21] Installed:  using ipf_acpi.inf
[2025-05-16T13:48:23] Installed:  using iaLPSS2_GPIO2_ADL.inf
[2025-05-16T13:48:25] Installed: MAFP General Device  using Rtkfilter.inf
[2025-05-16T13:48:26] Installed: PCI Device using AlderLakePCH-PSystem.inf
[2025-05-16T13:48:27] Installed: PCI Simple Communications Controller using heci.inf
[2025-05-16T13:48:28] Installed:  using ECSWifiDetect.inf
[2025-05-16T13:48:29] Installed: PCI Device using iaLPSS2_I2C_ADL.inf
[2025-05-16T13:48:30] Installed: PCI Data Acquisition and Signal Processing Controller using ipf_cpu.inf
[2025-05-16T13:48:30] Installed: SM Bus Controller using AlderLakePCH-PSystem.inf
[2025-05-16T13:48:34] Installed: Network Controller using netrtwlane601.inf
[2025-05-16T13:48:34] Installed:  using ipf_acpi.inf
[2025-05-16T13:48:35] Installed: USB2.0-CRW using RtsUer.inf
[2025-05-16T13:48:36] Installed: Base System Device using gna.inf
[2025-05-16T14:16:16] Installed:  using ipf_acpi.inf
[2025-05-16T14:16:16] Installed:  using iaLPSS2_GPIO2_ADL.inf
[2025-05-16T14:16:19] Installed: MAFP General Device  using Rtkfilter.inf
[2025-05-16T14:16:21] Installed: PCI Device using AlderLakePCH-PSystem.inf
[2025-05-16T14:16:21] Installed: PCI Simple Communications Controller using heci.inf
[2025-05-16T14:16:22] Installed:  using ECSWifiDetect.inf
[2025-05-16T14:16:23] Installed: PCI Device using iaLPSS2_I2C_ADL.inf
[2025-05-16T14:16:24] Installed: PCI Data Acquisition and Signal Processing Controller using ipf_cpu.inf
[2025-05-16T14:16:24] Installed: SM Bus Controller using AlderLakePCH-PSystem.inf
[2025-05-16T14:16:28] Installed: Network Controller using netrtwlane601.inf
[2025-05-16T14:16:28] Installed:  using ipf_acpi.inf
[2025-05-16T14:16:29] Installed: USB2.0-CRW using RtsUer.inf
[2025-05-16T14:16:30] Installed: Base System Device using gna.inf
[2025-05-16T14:42:27] Installed:  using ipf_acpi.inf
[2025-05-16T14:42:27] Installed:  using iaLPSS2_GPIO2_ADL.inf
[2025-05-16T14:42:29] Installed: PCI Device using AlderLakePCH-PSystem.inf
[2025-05-16T14:42:29] Installed: PCI Simple Communications Controller using heci.inf
[2025-05-16T14:42:30] Installed:  using ECSWifiDetect.inf
[2025-05-16T14:42:31] Installed: PCI Device using iaLPSS2_I2C_ADL.inf
[2025-05-16T14:42:32] Installed: PCI Data Acquisition and Signal Processing Controller using ipf_cpu.inf
[2025-05-16T14:42:32] Installed: SM Bus Controller using AlderLakePCH-PSystem.inf
[2025-05-16T14:42:36] Installed: Network Controller using netrtwlane601.inf
[2025-05-16T14:42:37] Installed:  using ipf_acpi.inf
[2025-05-16T14:42:38] Installed: USB2.0-CRW using RtsUer.inf
[2025-05-16T14:42:38] Installed: Base System Device using gna.inf
[2025-05-16T14:42:41] Installed: MAFP General Device  using Rtkfilter.inf
[2025-05-16T14:50:14] Installed:  using ipf_acpi.inf
[2025-05-16T14:50:15] Installed:  using iaLPSS2_GPIO2_ADL.inf
[2025-05-16T14:50:17] Installed: MAFP General Device  using Rtkfilter.inf
[2025-05-16T14:50:18] Installed: PCI Device using AlderLakePCH-PSystem.inf
[2025-05-16T14:50:19] Installed: PCI Simple Communications Controller using heci.inf
[2025-05-16T14:50:20] Installed:  using ECSWifiDetect.inf
[2025-05-16T14:50:20] Installed: PCI Device using iaLPSS2_I2C_ADL.inf
[2025-05-16T14:50:21] Installed: PCI Data Acquisition and Signal Processing Controller using ipf_cpu.inf
[2025-05-16T14:50:22] Installed: SM Bus Controller using AlderLakePCH-PSystem.inf
[2025-05-16T14:50:25] Installed: Network Controller using netrtwlane601.inf
[2025-05-16T14:50:26] Installed:  using ipf_acpi.inf
[2025-05-16T14:50:27] Installed: USB2.0-CRW using RtsUer.inf
[2025-05-16T14:50:28] Installed: Base System Device using gna.inf
[2025-05-16T15:08:18] Installed:  using ipf_acpi.inf
[2025-05-16T15:08:18] Installed:  using iaLPSS2_GPIO2_ADL.inf
[2025-05-16T15:08:20] Installed: MAFP General Device  using Rtkfilter.inf
[2025-05-16T15:08:22] Installed: PCI Device using AlderLakePCH-PSystem.inf
[2025-05-16T15:08:22] Installed: PCI Simple Communications Controller using heci.inf
[2025-05-16T15:08:23] Installed:  using ECSWifiDetect.inf
[2025-05-16T15:08:24] Installed: PCI Device using iaLPSS2_I2C_ADL.inf
[2025-05-16T15:08:25] Installed: PCI Data Acquisition and Signal Processing Controller using ipf_cpu.inf
[2025-05-16T15:08:25] Installed: SM Bus Controller using AlderLakePCH-PSystem.inf
[2025-05-16T15:08:29] Installed: Network Controller using netrtwlane601.inf
[2025-05-16T15:08:30] Installed:  using ipf_acpi.inf
[2025-05-16T15:08:31] Installed: USB2.0-CRW using RtsUer.inf
[2025-05-16T15:08:31] Installed: Base System Device using gna.inf
[2025-05-16T15:20:28] Installed:  using ipf_acpi.inf
[2025-05-16T15:20:28] Installed:  using iaLPSS2_GPIO2_ADL.inf
[2025-05-16T15:20:30] Installed: MAFP General Device  using Rtkfilter.inf
[2025-05-16T15:20:32] Installed: PCI Device using AlderLakePCH-PSystem.inf
[2025-05-16T15:20:32] Installed: PCI Simple Communications Controller using heci.inf
[2025-05-16T15:20:33] Installed:  using ECSWifiDetect.inf
[2025-05-16T15:20:34] Installed: PCI Device using iaLPSS2_I2C_ADL.inf
[2025-05-16T15:20:35] Installed: PCI Data Acquisition and Signal Processing Controller using ipf_cpu.inf
[2025-05-16T15:20:35] Installed: SM Bus Controller using AlderLakePCH-PSystem.inf
[2025-05-16T15:20:39] Installed: Network Controller using netrtwlane601.inf
[2025-05-16T15:20:39] Installed:  using ipf_acpi.inf
[2025-05-16T15:20:40] Installed: USB2.0-CRW using RtsUer.inf
[2025-05-16T15:20:41] Installed: Base System Device using gna.inf
[2025-05-16T15:27:12] Installed:  using ipf_acpi.inf
[2025-05-16T15:27:13] Installed:  using iaLPSS2_GPIO2_ADL.inf
[2025-05-16T15:27:16] Installed: MAFP General Device  using Rtkfilter.inf
[2025-05-16T15:27:17] Installed: PCI Device using AlderLakePCH-PSystem.inf
[2025-05-16T15:27:18] Installed: PCI Simple Communications Controller using heci.inf
[2025-05-16T15:27:18] Installed:  using ECSWifiDetect.inf
[2025-05-16T15:27:19] Installed: PCI Device using iaLPSS2_I2C_ADL.inf
[2025-05-16T15:27:20] Installed: PCI Data Acquisition and Signal Processing Controller using ipf_cpu.inf
[2025-05-16T15:27:21] Installed: SM Bus Controller using AlderLakePCH-PSystem.inf
[2025-05-16T15:27:24] Installed: Network Controller using netrtwlane601.inf
[2025-05-16T15:27:25] Installed:  using ipf_acpi.inf
[2025-05-16T15:27:26] Installed: USB2.0-CRW using RtsUer.inf
[2025-05-16T15:27:26] Installed: Base System Device using gna.inf
[2025-05-16T15:31:36] Installed:  using ipf_acpi.inf
[2025-05-16T15:31:37] Installed:  using iaLPSS2_GPIO2_ADL.inf
[2025-05-16T15:31:40] Installed: MAFP General Device  using Rtkfilter.inf
[2025-05-16T15:31:41] Installed: PCI Device using AlderLakePCH-PSystem.inf
[2025-05-16T15:31:42] Installed: PCI Simple Communications Controller using heci.inf
[2025-05-16T15:31:43] Installed:  using ECSWifiDetect.inf
[2025-05-16T15:31:44] Installed: PCI Device using iaLPSS2_I2C_ADL.inf
[2025-05-16T15:31:45] Installed: PCI Data Acquisition and Signal Processing Controller using ipf_cpu.inf
[2025-05-16T15:31:46] Installed: SM Bus Controller using AlderLakePCH-PSystem.inf
[2025-05-16T15:31:50] Installed: Network Controller using netrtwlane601.inf
[2025-05-16T15:31:51] Installed:  using ipf_acpi.inf
[2025-05-16T15:31:52] Installed: USB2.0-CRW using RtsUer.inf
[2025-05-16T15:31:52] Installed: Base System Device using gna.inf
[2025-05-16T15:35:03] Installed:  using ipf_acpi.inf
[2025-05-16T15:35:04] Installed:  using iaLPSS2_GPIO2_ADL.inf
[2025-05-16T15:35:07] Installed: MAFP General Device  using Rtkfilter.inf
[2025-05-16T15:35:09] Installed: PCI Device using AlderLakePCH-PSystem.inf
[2025-05-16T15:35:09] Installed: PCI Simple Communications Controller using heci.inf
[2025-05-16T15:35:10] Installed:  using ECSWifiDetect.inf
[2025-05-16T15:35:11] Installed: PCI Device using iaLPSS2_I2C_ADL.inf
[2025-05-16T15:35:13] Installed: PCI Data Acquisition and Signal Processing Controller using ipf_cpu.inf
[2025-05-16T15:35:13] Installed: SM Bus Controller using AlderLakePCH-PSystem.inf
[2025-05-16T15:35:17] Installed: Network Controller using netrtwlane601.inf
[2025-05-16T15:35:18] Installed:  using ipf_acpi.inf
[2025-05-16T15:35:19] Installed: USB2.0-CRW using RtsUer.inf
[2025-05-16T15:35:20] Installed: Base System Device using gna.inf
[2025-05-19T21:27:00] Installed:  using ipf_acpi.inf
[2025-05-19T21:27:01] Installed:  using iaLPSS2_GPIO2_ADL.inf
[2025-05-19T21:27:03] Installed: MAFP General Device  using Rtkfilter.inf
[2025-05-19T21:27:05] Installed: PCI Device using AlderLakePCH-PSystem.inf
[2025-05-19T21:27:06] Installed: PCI Simple Communications Controller using heci.inf
[2025-05-19T21:27:06] Installed:  using ECSWifiDetect.inf
[2025-05-19T21:27:07] Installed: PCI Device using iaLPSS2_I2C_ADL.inf
[2025-05-19T21:27:08] Installed: PCI Data Acquisition and Signal Processing Controller using ipf_cpu.inf
[2025-05-19T21:27:09] Installed: SM Bus Controller using AlderLakePCH-PSystem.inf
[2025-05-19T21:27:13] Installed: Network Controller using netrtwlane601.inf
[2025-05-19T21:27:13] Installed:  using ipf_acpi.inf
[2025-05-19T21:27:14] Installed: USB2.0-CRW using RtsUer.inf
[2025-05-19T21:27:15] Installed: Base System Device using gna.inf
[2025-05-19T21:37:48] Installed:  using ipf_acpi.inf
[2025-05-19T21:37:49] Installed:  using iaLPSS2_GPIO2_ADL.inf
[2025-05-19T21:37:51] Installed: MAFP General Device  using Rtkfilter.inf
[2025-05-19T21:37:52] Installed: PCI Device using AlderLakePCH-PSystem.inf
[2025-05-19T21:37:53] Installed: PCI Simple Communications Controller using heci.inf
[2025-05-19T21:37:54] Installed:  using ECSWifiDetect.inf
[2025-05-19T21:37:54] Installed: PCI Device using iaLPSS2_I2C_ADL.inf
[2025-05-19T21:37:55] Installed: PCI Data Acquisition and Signal Processing Controller using ipf_cpu.inf
[2025-05-19T21:37:56] Installed: SM Bus Controller using AlderLakePCH-PSystem.inf
[2025-05-19T21:37:59] Installed: Network Controller using netrtwlane601.inf
[2025-05-19T21:38:00] Installed:  using ipf_acpi.inf
[2025-05-19T21:38:01] Installed: USB2.0-CRW using RtsUer.inf
[2025-05-19T21:38:01] Installed: Base System Device using gna.inf
[2025-05-20T18:18:00] Installed:  using ipf_acpi.inf
[2025-05-20T18:18:02] Installed:  using iaLPSS2_GPIO2_ADL.inf
[2025-05-20T18:18:04] Installed: MAFP General Device  using Rtkfilter.inf
[2025-05-20T18:18:06] Installed: PCI Device using AlderLakePCH-PSystem.inf
[2025-05-20T18:18:06] Installed: PCI Simple Communications Controller using heci.inf
[2025-05-20T18:18:07] Installed:  using ECSWifiDetect.inf
[2025-05-20T18:18:08] Installed: PCI Device using iaLPSS2_I2C_ADL.inf
[2025-05-20T18:18:09] Installed: PCI Data Acquisition and Signal Processing Controller using ipf_cpu.inf
[2025-05-20T18:18:09] Installed: SM Bus Controller using AlderLakePCH-PSystem.inf
[2025-05-20T18:18:13] Installed: Network Controller using netrtwlane601.inf
[2025-05-20T18:18:14] Installed:  using ipf_acpi.inf
[2025-05-20T18:18:15] Installed: USB2.0-CRW using RtsUer.inf
[2025-05-20T18:18:15] Installed: Base System Device using gna.inf
[2025-05-20T21:11:26] Installed:  using ipf_acpi.inf
[2025-05-20T21:11:27] Installed:  using iaLPSS2_GPIO2_ADL.inf
[2025-05-20T21:11:29] Installed: MAFP General Device  using Rtkfilter.inf
[2025-05-20T21:11:30] Installed: PCI Device using AlderLakePCH-PSystem.inf
[2025-05-20T21:11:31] Installed: PCI Simple Communications Controller using heci.inf
[2025-05-20T21:11:32] Installed:  using ECSWifiDetect.inf
[2025-05-20T21:11:32] Installed: PCI Device using iaLPSS2_I2C_ADL.inf
[2025-05-20T21:11:33] Installed: PCI Data Acquisition and Signal Processing Controller using ipf_cpu.inf
[2025-05-20T21:11:34] Installed: SM Bus Controller using AlderLakePCH-PSystem.inf
[2025-05-20T21:11:38] Installed: Network Controller using netrtwlane601.inf
[2025-05-20T21:11:38] Installed:  using ipf_acpi.inf
[2025-05-20T21:11:39] Installed: USB2.0-CRW using RtsUer.inf
[2025-05-20T21:11:40] Installed: Base System Device using gna.inf
[2025-05-20T21:28:57] Installed:  using ipf_acpi.inf
[2025-05-20T21:28:57] Installed:  using iaLPSS2_GPIO2_ADL.inf
[2025-05-20T21:28:59] Installed: MAFP General Device  using Rtkfilter.inf
[2025-05-20T21:29:01] Installed: PCI Device using AlderLakePCH-PSystem.inf
[2025-05-20T21:29:02] Installed: PCI Simple Communications Controller using heci.inf
[2025-05-20T21:29:02] Installed:  using ECSWifiDetect.inf
[2025-05-20T21:29:03] Installed: PCI Device using iaLPSS2_I2C_ADL.inf
[2025-05-20T21:29:04] Installed: PCI Data Acquisition and Signal Processing Controller using ipf_cpu.inf
[2025-05-20T21:29:05] Installed: SM Bus Controller using AlderLakePCH-PSystem.inf
[2025-05-20T21:29:08] Installed: Network Controller using netrtwlane601.inf
[2025-05-20T21:29:09] Installed:  using ipf_acpi.inf
[2025-05-20T21:29:10] Installed: USB2.0-CRW using RtsUer.inf
[2025-05-20T21:29:10] Installed: Base System Device using gna.inf
[2025-05-20T21:41:48] Installed:  using ipf_acpi.inf
[2025-05-20T21:41:48] Installed:  using iaLPSS2_GPIO2_ADL.inf
[2025-05-20T21:41:50] Installed: PCI Device using AlderLakePCH-PSystem.inf
[2025-05-20T21:41:51] Installed: PCI Simple Communications Controller using heci.inf
[2025-05-20T21:41:51] Installed:  using ECSWifiDetect.inf
[2025-05-20T21:41:52] Installed: PCI Device using iaLPSS2_I2C_ADL.inf
[2025-05-20T21:41:53] Installed: PCI Data Acquisition and Signal Processing Controller using ipf_cpu.inf
[2025-05-20T21:41:53] Installed: SM Bus Controller using AlderLakePCH-PSystem.inf
[2025-05-20T21:41:57] Installed: Network Controller using netrtwlane601.inf
[2025-05-20T21:41:58] Installed:  using ipf_acpi.inf
[2025-05-20T21:41:59] Installed: USB2.0-CRW using RtsUer.inf
[2025-05-20T21:41:59] Installed: Base System Device using gna.inf
[2025-05-20T21:42:01] Installed: MAFP General Device  using Rtkfilter.inf
[2025-05-21T13:28:57] Installed:  using ipf_acpi.inf
[2025-05-21T13:28:59] Installed:  using iaLPSS2_GPIO2_ADL.inf
[2025-05-21T13:29:01] Installed: MAFP General Device  using Rtkfilter.inf
[2025-05-21T13:29:02] Installed: PCI Device using AlderLakePCH-PSystem.inf
[2025-05-21T13:29:03] Installed: PCI Simple Communications Controller using heci.inf
[2025-05-21T13:29:04] Installed:  using ECSWifiDetect.inf
[2025-05-21T13:29:05] Installed: PCI Device using iaLPSS2_I2C_ADL.inf
[2025-05-21T13:29:06] Installed: PCI Data Acquisition and Signal Processing Controller using ipf_cpu.inf
[2025-05-21T13:29:06] Installed: SM Bus Controller using AlderLakePCH-PSystem.inf
[2025-05-21T13:29:10] Installed: Network Controller using netrtwlane601.inf
[2025-05-21T13:29:10] Installed:  using ipf_acpi.inf
[2025-05-21T13:29:11] Installed: USB2.0-CRW using RtsUer.inf
[2025-05-21T13:29:12] Installed: Base System Device using gna.inf
[2025-05-21T13:41:56] Installed:  using ipf_acpi.inf
[2025-05-21T13:41:57] Installed:  using iaLPSS2_GPIO2_ADL.inf
[2025-05-21T13:41:59] Installed: PCI Device using AlderLakePCH-PSystem.inf
[2025-05-21T13:41:59] Installed: PCI Simple Communications Controller using heci.inf
[2025-05-21T13:42:00] Installed:  using ECSWifiDetect.inf
[2025-05-21T13:42:01] Installed: PCI Device using iaLPSS2_I2C_ADL.inf
[2025-05-21T13:42:02] Installed: PCI Data Acquisition and Signal Processing Controller using ipf_cpu.inf
[2025-05-21T13:42:02] Installed: SM Bus Controller using AlderLakePCH-PSystem.inf
[2025-05-21T13:42:06] Installed: Network Controller using netrtwlane601.inf
[2025-05-21T13:42:07] Installed:  using ipf_acpi.inf
[2025-05-21T13:42:08] Installed: USB2.0-CRW using RtsUer.inf
[2025-05-21T13:42:08] Installed: Base System Device using gna.inf
[2025-05-21T13:42:10] Installed: MAFP General Device  using Rtkfilter.inf
[2025-05-21T17:02:39] Installed:  using ipf_acpi.inf
[2025-05-21T17:02:40] Installed:  using iaLPSS2_GPIO2_ADL.inf
[2025-05-21T17:02:41] Installed: PCI Device using AlderLakePCH-PSystem.inf
[2025-05-21T17:02:42] Installed: PCI Simple Communications Controller using heci.inf
[2025-05-21T17:02:43] Installed:  using ECSWifiDetect.inf
[2025-05-21T17:02:44] Installed: PCI Device using iaLPSS2_I2C_ADL.inf
[2025-05-21T17:02:45] Installed: PCI Data Acquisition and Signal Processing Controller using ipf_cpu.inf
[2025-05-21T17:02:45] Installed: SM Bus Controller using AlderLakePCH-PSystem.inf
[2025-05-21T17:02:49] Installed: Network Controller using netrtwlane601.inf
[2025-05-21T17:02:50] Installed:  using ipf_acpi.inf
[2025-05-21T17:02:51] Installed: USB2.0-CRW using RtsUer.inf
[2025-05-21T17:02:52] Installed: Base System Device using gna.inf
[2025-05-21T17:02:55] Installed: MAFP General Device  using Rtkfilter.inf
[2025-05-21T17:11:40] Installed:  using ipf_acpi.inf
[2025-05-21T17:11:41] Installed:  using iaLPSS2_GPIO2_ADL.inf
[2025-05-21T17:11:43] Installed: MAFP General Device  using Rtkfilter.inf
[2025-05-21T17:11:44] Installed: PCI Device using AlderLakePCH-PSystem.inf
[2025-05-21T17:11:45] Installed: PCI Simple Communications Controller using heci.inf
[2025-05-21T17:11:46] Installed:  using ECSWifiDetect.inf
[2025-05-21T17:11:47] Installed: PCI Device using iaLPSS2_I2C_ADL.inf
[2025-05-21T17:11:48] Installed: PCI Data Acquisition and Signal Processing Controller using ipf_cpu.inf
[2025-05-21T17:11:48] Installed: SM Bus Controller using AlderLakePCH-PSystem.inf
[2025-05-21T17:11:52] Installed: Network Controller using netrtwlane601.inf
[2025-05-21T17:11:52] Installed:  using ipf_acpi.inf
[2025-05-21T17:11:54] Installed: USB2.0-CRW using RtsUer.inf
[2025-05-21T17:11:54] Installed: Base System Device using gna.inf
[2025-05-21T17:20:01] Installed:  using ipf_acpi.inf
[2025-05-21T17:20:02] Installed:  using iaLPSS2_GPIO2_ADL.inf
[2025-05-21T17:20:04] Installed: MAFP General Device  using Rtkfilter.inf
[2025-05-21T17:20:06] Installed: PCI Device using AlderLakePCH-PSystem.inf
[2025-05-21T17:20:07] Installed: PCI Simple Communications Controller using heci.inf
[2025-05-21T17:20:08] Installed:  using ECSWifiDetect.inf
[2025-05-21T17:20:09] Installed: PCI Device using iaLPSS2_I2C_ADL.inf
[2025-05-21T17:20:10] Installed: PCI Data Acquisition and Signal Processing Controller using ipf_cpu.inf
[2025-05-21T17:20:10] Installed: SM Bus Controller using AlderLakePCH-PSystem.inf
[2025-05-21T17:20:14] Installed: Network Controller using netrtwlane601.inf
[2025-05-21T17:20:15] Installed:  using ipf_acpi.inf
[2025-05-21T17:20:16] Installed: USB2.0-CRW using RtsUer.inf
[2025-05-21T17:20:17] Installed: Base System Device using gna.inf
[2025-05-21T17:25:30] Installed:  using ipf_acpi.inf
[2025-05-21T17:25:31] Installed:  using iaLPSS2_GPIO2_ADL.inf
[2025-05-21T17:25:33] Installed: PCI Device using AlderLakePCH-PSystem.inf
[2025-05-21T17:25:34] Installed: PCI Simple Communications Controller using heci.inf
[2025-05-21T17:25:35] Installed:  using ECSWifiDetect.inf
[2025-05-21T17:25:35] Installed: PCI Device using iaLPSS2_I2C_ADL.inf
[2025-05-21T17:25:36] Installed: PCI Data Acquisition and Signal Processing Controller using ipf_cpu.inf
[2025-05-21T17:25:37] Installed: SM Bus Controller using AlderLakePCH-PSystem.inf
[2025-05-21T17:25:41] Installed: Network Controller using netrtwlane601.inf
[2025-05-21T17:25:41] Installed:  using ipf_acpi.inf
[2025-05-21T17:25:42] Installed: USB2.0-CRW using RtsUer.inf
[2025-05-21T17:25:43] Installed: Base System Device using gna.inf
[2025-05-21T17:25:45] Installed: MAFP General Device  using Rtkfilter.inf
[2025-05-22T19:16:44] Installed:  using ipf_acpi.inf
[2025-05-22T19:16:46] Installed:  using iaLPSS2_GPIO2_ADL.inf
[2025-05-22T19:16:47] Installed: PCI Device using AlderLakePCH-PSystem.inf
[2025-05-22T19:16:48] Installed: PCI Simple Communications Controller using heci.inf
[2025-05-22T19:16:49] Installed:  using ECSWifiDetect.inf
[2025-05-22T19:16:51] Installed: PCI Device using iaLPSS2_I2C_ADL.inf
[2025-05-22T19:16:52] Installed: PCI Data Acquisition and Signal Processing Controller using ipf_cpu.inf
[2025-05-22T19:16:52] Installed: SM Bus Controller using AlderLakePCH-PSystem.inf
[2025-05-22T19:16:56] Installed: Network Controller using netrtwlane601.inf
[2025-05-22T19:16:57] Installed:  using ipf_acpi.inf
[2025-05-22T19:16:58] Installed: USB2.0-CRW using RtsUer.inf
[2025-05-22T19:16:59] Installed: Base System Device using gna.inf
[2025-05-22T19:23:06] Installed:  using ipf_acpi.inf
[2025-05-22T19:23:06] Installed:  using iaLPSS2_GPIO2_ADL.inf
[2025-05-22T19:23:08] Installed: MAFP General Device  using Rtkfilter.inf
[2025-05-22T19:23:10] Installed: PCI Device using AlderLakePCH-PSystem.inf
[2025-05-22T19:23:11] Installed: PCI Simple Communications Controller using heci.inf
[2025-05-22T19:23:11] Installed:  using ECSWifiDetect.inf
[2025-05-22T19:23:12] Installed: PCI Device using iaLPSS2_I2C_ADL.inf
[2025-05-22T19:23:13] Installed: PCI Data Acquisition and Signal Processing Controller using ipf_cpu.inf
[2025-05-22T19:23:14] Installed: SM Bus Controller using AlderLakePCH-PSystem.inf
[2025-05-22T19:23:18] Installed: Network Controller using netrtwlane601.inf
[2025-05-22T19:23:19] Installed:  using ipf_acpi.inf
[2025-05-22T19:23:20] Installed: USB2.0-CRW using RtsUer.inf
[2025-05-22T19:23:20] Installed: Base System Device using gna.inf
[2025-05-22T19:37:10] Installed:  using ipf_acpi.inf
[2025-05-22T19:37:11] Installed:  using iaLPSS2_GPIO2_ADL.inf
[2025-05-22T19:37:13] Installed: PCI Device using AlderLakePCH-PSystem.inf
[2025-05-22T19:37:14] Installed: PCI Simple Communications Controller using heci.inf
[2025-05-22T19:37:15] Installed:  using ECSWifiDetect.inf
[2025-05-22T19:37:16] Installed: PCI Device using iaLPSS2_I2C_ADL.inf
[2025-05-22T19:37:17] Installed: PCI Data Acquisition and Signal Processing Controller using ipf_cpu.inf
[2025-05-22T19:37:17] Installed: SM Bus Controller using AlderLakePCH-PSystem.inf
[2025-05-22T19:37:21] Installed: Network Controller using netrtwlane601.inf
[2025-05-22T19:37:22] Installed:  using ipf_acpi.inf
[2025-05-22T19:37:23] Installed: USB2.0-CRW using RtsUer.inf
[2025-05-22T19:37:23] Installed: Base System Device using gna.inf
[2025-05-22T19:37:25] Installed: MAFP General Device  using Rtkfilter.inf
[2025-05-22T19:40:03] Installed:  using ipf_acpi.inf
[2025-05-22T19:40:03] Installed:  using iaLPSS2_GPIO2_ADL.inf
[2025-05-22T19:40:06] Installed: MAFP General Device  using Rtkfilter.inf
[2025-05-22T19:40:08] Installed: PCI Device using AlderLakePCH-PSystem.inf
[2025-05-22T19:40:08] Installed: PCI Simple Communications Controller using heci.inf
[2025-05-22T19:40:09] Installed:  using ECSWifiDetect.inf
[2025-05-22T19:40:10] Installed: PCI Device using iaLPSS2_I2C_ADL.inf
[2025-05-22T19:40:11] Installed: PCI Data Acquisition and Signal Processing Controller using ipf_cpu.inf
[2025-05-22T19:40:12] Installed: SM Bus Controller using AlderLakePCH-PSystem.inf
[2025-05-22T19:40:16] Installed: Network Controller using netrtwlane601.inf
[2025-05-22T19:40:16] Installed:  using ipf_acpi.inf
[2025-05-22T19:40:17] Installed: USB2.0-CRW using RtsUer.inf
[2025-05-22T19:40:18] Installed: Base System Device using gna.inf
[2025-05-22T19:53:27] Installed:  using ipf_acpi.inf
[2025-05-22T19:53:28] Installed:  using iaLPSS2_GPIO2_ADL.inf
[2025-05-22T19:53:29] Installed: PCI Device using AlderLakePCH-PSystem.inf
[2025-05-22T19:53:30] Installed: PCI Simple Communications Controller using heci.inf
[2025-05-22T19:53:31] Installed:  using ECSWifiDetect.inf
[2025-05-22T19:53:32] Installed: PCI Device using iaLPSS2_I2C_ADL.inf
[2025-05-22T19:53:33] Installed: PCI Data Acquisition and Signal Processing Controller using ipf_cpu.inf
[2025-05-22T19:53:34] Installed: SM Bus Controller using AlderLakePCH-PSystem.inf
[2025-05-22T19:53:38] Installed: Network Controller using netrtwlane601.inf
[2025-05-22T19:53:38] Installed:  using ipf_acpi.inf
[2025-05-22T19:53:39] Installed: USB2.0-CRW using RtsUer.inf
[2025-05-22T19:53:40] Installed: Base System Device using gna.inf
[2025-05-22T19:53:42] Installed: MAFP General Device  using Rtkfilter.inf
[2025-05-22T19:55:27] Installed:  using ipf_acpi.inf
[2025-05-22T19:55:28] Installed:  using iaLPSS2_GPIO2_ADL.inf
[2025-05-22T19:55:30] Installed: PCI Device using AlderLakePCH-PSystem.inf
[2025-05-22T19:55:31] Installed: PCI Simple Communications Controller using heci.inf
[2025-05-22T19:55:32] Installed:  using ECSWifiDetect.inf
[2025-05-22T19:55:33] Installed: PCI Device using iaLPSS2_I2C_ADL.inf
[2025-05-22T19:55:34] Installed: PCI Data Acquisition and Signal Processing Controller using ipf_cpu.inf
[2025-05-22T19:55:34] Installed: SM Bus Controller using AlderLakePCH-PSystem.inf
[2025-05-22T19:55:38] Installed: Network Controller using netrtwlane601.inf
[2025-05-22T19:55:39] Installed:  using ipf_acpi.inf
[2025-05-22T19:55:40] Installed: USB2.0-CRW using RtsUer.inf
[2025-05-22T19:55:40] Installed: Base System Device using gna.inf
[2025-05-22T19:55:42] Installed: MAFP General Device  using Rtkfilter.inf
[2025-05-22T19:57:03] Installed:  using ipf_acpi.inf
[2025-05-22T19:57:04] Installed:  using iaLPSS2_GPIO2_ADL.inf
[2025-05-22T19:57:06] Installed: MAFP General Device  using Rtkfilter.inf
[2025-05-22T19:57:08] Installed: PCI Device using AlderLakePCH-PSystem.inf
[2025-05-22T19:57:08] Installed: PCI Simple Communications Controller using heci.inf
[2025-05-22T19:57:09] Installed:  using ECSWifiDetect.inf
[2025-05-22T19:57:10] Installed: PCI Device using iaLPSS2_I2C_ADL.inf
[2025-05-22T19:57:11] Installed: PCI Data Acquisition and Signal Processing Controller using ipf_cpu.inf
[2025-05-22T19:57:12] Installed: SM Bus Controller using AlderLakePCH-PSystem.inf
[2025-05-22T19:57:15] Installed: Network Controller using netrtwlane601.inf
[2025-05-22T19:57:16] Installed:  using ipf_acpi.inf
[2025-05-22T19:57:17] Installed: USB2.0-CRW using RtsUer.inf
[2025-05-22T19:57:17] Installed: Base System Device using gna.inf
[2025-05-22T20:05:07] Installed:  using ipf_acpi.inf
[2025-05-22T20:05:08] Installed:  using iaLPSS2_GPIO2_ADL.inf
[2025-05-22T20:05:11] Installed: MAFP General Device  using Rtkfilter.inf
[2025-05-22T20:05:12] Installed: PCI Device using AlderLakePCH-PSystem.inf
[2025-05-22T20:05:13] Installed: PCI Simple Communications Controller using heci.inf
[2025-05-22T20:05:14] Installed:  using ECSWifiDetect.inf
[2025-05-22T20:05:14] Installed: PCI Device using iaLPSS2_I2C_ADL.inf
[2025-05-22T20:05:15] Installed: PCI Data Acquisition and Signal Processing Controller using ipf_cpu.inf
[2025-05-22T20:05:16] Installed: SM Bus Controller using AlderLakePCH-PSystem.inf
[2025-05-22T20:05:20] Installed: Network Controller using netrtwlane601.inf
[2025-05-22T20:05:20] Installed:  using ipf_acpi.inf
[2025-05-22T20:05:21] Installed: USB2.0-CRW using RtsUer.inf
[2025-05-22T20:05:22] Installed: Base System Device using gna.inf
[2025-05-23T19:20:51] Installed:  using ipf_acpi.inf
[2025-05-23T19:20:53] Installed:  using iaLPSS2_GPIO2_ADL.inf
[2025-05-23T19:20:55] Installed: MAFP General Device  using Rtkfilter.inf
[2025-05-23T19:20:57] Installed: PCI Device using AlderLakePCH-PSystem.inf
[2025-05-23T19:20:58] Installed: PCI Simple Communications Controller using heci.inf
[2025-05-23T19:20:59] Installed:  using ECSWifiDetect.inf
[2025-05-23T19:20:59] Installed: PCI Device using iaLPSS2_I2C_ADL.inf
[2025-05-23T19:21:00] Installed: PCI Data Acquisition and Signal Processing Controller using ipf_cpu.inf
[2025-05-23T19:21:01] Installed: SM Bus Controller using AlderLakePCH-PSystem.inf
[2025-05-23T19:21:05] Installed: Network Controller using netrtwlane601.inf
[2025-05-23T19:21:05] Installed:  using ipf_acpi.inf
[2025-05-23T19:21:06] Installed: USB2.0-CRW using RtsUer.inf
[2025-05-23T19:21:07] Installed: Base System Device using gna.inf
[2025-05-23T19:50:21] Installed:  using ipf_acpi.inf
[2025-05-23T19:50:22] Installed:  using iaLPSS2_GPIO2_ADL.inf
[2025-05-23T19:50:23] Installed: PCI Device using AlderLakePCH-PSystem.inf
[2025-05-23T19:50:24] Installed: PCI Simple Communications Controller using heci.inf
[2025-05-23T19:50:25] Installed:  using ECSWifiDetect.inf
[2025-05-23T19:50:25] Installed: PCI Device using iaLPSS2_I2C_ADL.inf
[2025-05-23T19:50:26] Installed: PCI Data Acquisition and Signal Processing Controller using ipf_cpu.inf
[2025-05-23T19:50:27] Installed: SM Bus Controller using AlderLakePCH-PSystem.inf
[2025-05-23T19:50:30] Installed: Network Controller using netrtwlane601.inf
[2025-05-23T19:50:31] Installed:  using ipf_acpi.inf
[2025-05-23T19:50:32] Installed: USB2.0-CRW using RtsUer.inf
[2025-05-23T19:50:32] Installed: Base System Device using gna.inf
[2025-05-26T19:05:30] Installed:  using ipf_acpi.inf
[2025-05-26T19:05:33] Installed:  using iaLPSS2_GPIO2_ADL.inf
[2025-05-26T19:05:34] Installed: PCI Device using AlderLakePCH-PSystem.inf
[2025-05-26T19:05:35] Installed: PCI Simple Communications Controller using heci.inf
[2025-05-26T19:05:36] Installed:  using ECSWifiDetect.inf
[2025-05-26T19:05:36] Installed: PCI Device using iaLPSS2_I2C_ADL.inf
[2025-05-26T19:05:38] Installed: PCI Data Acquisition and Signal Processing Controller using ipf_cpu.inf
[2025-05-26T19:05:38] Installed: SM Bus Controller using AlderLakePCH-PSystem.inf
[2025-05-26T19:05:42] Installed: Network Controller using netrtwlane601.inf
[2025-05-26T19:05:42] Installed:  using ipf_acpi.inf
[2025-05-26T19:05:44] Installed: USB2.0-CRW using RtsUer.inf
[2025-05-26T19:05:44] Installed: Base System Device using gna.inf
[2025-05-26T19:05:47] Installed: MAFP General Device  using Rtkfilter.inf
[2025-05-27T13:55:42] Installed:  using ipf_acpi.inf
[2025-05-27T13:55:44] Installed:  using iaLPSS2_GPIO2_ADL.inf
[2025-05-27T13:55:46] Installed: PCI Device using AlderLakePCH-PSystem.inf
[2025-05-27T13:55:46] Installed: PCI Simple Communications Controller using heci.inf
[2025-05-27T13:55:47] Installed:  using ECSWifiDetect.inf
[2025-05-27T13:55:48] Installed: PCI Device using iaLPSS2_I2C_ADL.inf
[2025-05-27T13:55:49] Installed: PCI Data Acquisition and Signal Processing Controller using ipf_cpu.inf
[2025-05-27T13:55:49] Installed: SM Bus Controller using AlderLakePCH-PSystem.inf
[2025-05-27T13:55:53] Installed: Network Controller using netrtwlane601.inf
[2025-05-27T13:55:54] Installed:  using ipf_acpi.inf
[2025-05-27T13:55:55] Installed: USB2.0-CRW using RtsUer.inf
[2025-05-27T13:55:55] Installed: Base System Device using gna.inf
[2025-05-27T13:55:57] Installed: MAFP General Device  using Rtkfilter.inf
[2025-05-27T13:57:35] Installed:  using ipf_acpi.inf
[2025-05-27T13:57:35] Installed:  using iaLPSS2_GPIO2_ADL.inf
[2025-05-27T13:57:37] Installed: PCI Device using AlderLakePCH-PSystem.inf
[2025-05-27T13:57:38] Installed: PCI Simple Communications Controller using heci.inf
[2025-05-27T13:57:39] Installed:  using ECSWifiDetect.inf
[2025-05-27T13:57:40] Installed: PCI Device using iaLPSS2_I2C_ADL.inf
[2025-05-27T13:57:41] Installed: PCI Data Acquisition and Signal Processing Controller using ipf_cpu.inf
[2025-05-27T13:57:42] Installed: SM Bus Controller using AlderLakePCH-PSystem.inf
[2025-05-27T13:57:46] Installed: Network Controller using netrtwlane601.inf
[2025-05-27T13:57:46] Installed:  using ipf_acpi.inf
[2025-05-27T13:57:47] Installed: USB2.0-CRW using RtsUer.inf
[2025-05-27T13:57:48] Installed: Base System Device using gna.inf
[2025-05-27T13:57:50] Installed: MAFP General Device  using Rtkfilter.inf
[2025-05-27T14:09:16] Installed:  using ipf_acpi.inf
[2025-05-27T14:09:17] Installed:  using iaLPSS2_GPIO2_ADL.inf
[2025-05-27T14:09:18] Installed: PCI Device using AlderLakePCH-PSystem.inf
[2025-05-27T14:09:19] Installed: PCI Simple Communications Controller using heci.inf
[2025-05-27T14:09:19] Installed:  using ECSWifiDetect.inf
[2025-05-27T14:09:20] Installed: PCI Device using iaLPSS2_I2C_ADL.inf
[2025-05-27T14:09:21] Installed: PCI Data Acquisition and Signal Processing Controller using ipf_cpu.inf
[2025-05-27T14:09:22] Installed: SM Bus Controller using AlderLakePCH-PSystem.inf
[2025-05-27T14:09:25] Installed: Network Controller using netrtwlane601.inf
[2025-05-27T14:09:26] Installed:  using ipf_acpi.inf
[2025-05-27T14:09:27] Installed: USB2.0-CRW using RtsUer.inf
[2025-05-27T14:09:27] Installed: Base System Device using gna.inf
[2025-05-27T16:01:51] Installed:  using ipf_acpi.inf
[2025-05-27T16:01:52] Installed:  using iaLPSS2_GPIO2_ADL.inf
[2025-05-27T16:01:53] Installed: PCI Device using AlderLakePCH-PSystem.inf
[2025-05-27T16:01:54] Installed: PCI Simple Communications Controller using heci.inf
[2025-05-27T16:01:55] Installed:  using ECSWifiDetect.inf
[2025-05-27T16:01:55] Installed: PCI Device using iaLPSS2_I2C_ADL.inf
[2025-05-27T16:01:56] Installed: PCI Data Acquisition and Signal Processing Controller using ipf_cpu.inf
[2025-05-27T16:01:57] Installed: SM Bus Controller using AlderLakePCH-PSystem.inf
[2025-05-27T16:02:01] Installed: Network Controller using netrtwlane601.inf
[2025-05-27T16:02:01] Installed:  using ipf_acpi.inf
[2025-05-27T16:02:02] Installed: USB2.0-CRW using RtsUer.inf
[2025-05-27T16:02:03] Installed: Base System Device using gna.inf
[2025-05-27T16:44:27] Installed:  using ipf_acpi.inf
[2025-05-27T16:44:28] Installed:  using iaLPSS2_GPIO2_ADL.inf
[2025-05-27T16:44:30] Installed: PCI Device using AlderLakePCH-PSystem.inf
[2025-05-27T16:44:30] Installed: PCI Simple Communications Controller using heci.inf
[2025-05-27T16:44:31] Installed:  using ECSWifiDetect.inf
[2025-05-27T16:44:32] Installed: PCI Device using iaLPSS2_I2C_ADL.inf
[2025-05-27T16:44:33] Installed: PCI Data Acquisition and Signal Processing Controller using ipf_cpu.inf
[2025-05-27T16:44:34] Installed: SM Bus Controller using AlderLakePCH-PSystem.inf
[2025-05-27T16:44:38] Installed: Network Controller using netrtwlane601.inf
[2025-05-27T16:44:38] Installed:  using ipf_acpi.inf
[2025-05-27T16:44:40] Installed: USB2.0-CRW using RtsUer.inf
[2025-05-27T16:44:40] Installed: Base System Device using gna.inf
[2025-05-27T16:46:22] Installed:  using ipf_acpi.inf
[2025-05-27T16:46:23] Installed:  using iaLPSS2_GPIO2_ADL.inf
[2025-05-27T16:46:25] Installed: PCI Device using AlderLakePCH-PSystem.inf
[2025-05-27T16:46:25] Installed: PCI Simple Communications Controller using heci.inf
[2025-05-27T16:46:26] Installed:  using ECSWifiDetect.inf
[2025-05-27T16:46:27] Installed: PCI Device using iaLPSS2_I2C_ADL.inf
[2025-05-27T16:46:28] Installed: PCI Data Acquisition and Signal Processing Controller using ipf_cpu.inf
[2025-05-27T16:46:28] Installed: SM Bus Controller using AlderLakePCH-PSystem.inf
[2025-05-27T16:46:32] Installed: Network Controller using netrtwlane601.inf
[2025-05-27T16:46:33] Installed:  using ipf_acpi.inf
[2025-05-27T16:46:34] Installed: USB2.0-CRW using RtsUer.inf
[2025-05-27T16:46:34] Installed: Base System Device using gna.inf
[2025-05-27T18:12:33] Installed:  using ipf_acpi.inf
[2025-05-27T18:12:34] Installed:  using iaLPSS2_GPIO2_ADL.inf
[2025-05-27T18:12:35] Installed: PCI Device using AlderLakePCH-PSystem.inf
[2025-05-27T18:12:36] Installed: PCI Simple Communications Controller using heci.inf
[2025-05-27T18:12:37] Installed:  using ECSWifiDetect.inf
[2025-05-27T18:12:38] Installed: PCI Device using iaLPSS2_I2C_ADL.inf
[2025-05-27T18:12:39] Installed: PCI Data Acquisition and Signal Processing Controller using ipf_cpu.inf
[2025-05-27T18:12:40] Installed: SM Bus Controller using AlderLakePCH-PSystem.inf
[2025-05-27T18:12:44] Installed: Network Controller using netrtwlane601.inf
[2025-05-27T18:12:45] Installed:  using ipf_acpi.inf
[2025-05-27T18:12:46] Installed: USB2.0-CRW using RtsUer.inf
[2025-05-27T18:12:46] Installed: Base System Device using gna.inf
[2025-05-27T18:31:08] Installed:  using ipf_acpi.inf
[2025-05-27T18:31:09] Installed:  using iaLPSS2_GPIO2_ADL.inf
[2025-05-27T18:31:11] Installed: PCI Device using AlderLakePCH-PSystem.inf
[2025-05-27T18:31:12] Installed: PCI Simple Communications Controller using heci.inf
[2025-05-27T18:31:12] Installed:  using ECSWifiDetect.inf
[2025-05-27T18:31:13] Installed: PCI Device using iaLPSS2_I2C_ADL.inf
[2025-05-27T18:31:14] Installed: PCI Data Acquisition and Signal Processing Controller using ipf_cpu.inf
[2025-05-27T18:31:15] Installed: SM Bus Controller using AlderLakePCH-PSystem.inf
[2025-05-27T18:31:19] Installed: Network Controller using netrtwlane601.inf
[2025-05-27T18:31:20] Installed:  using ipf_acpi.inf
[2025-05-27T18:31:21] Installed: USB2.0-CRW using RtsUer.inf
[2025-05-27T18:31:21] Installed: Base System Device using gna.inf
[2025-05-27T18:50:32] Installed:  using ipf_acpi.inf
[2025-05-27T18:50:33] Installed:  using iaLPSS2_GPIO2_ADL.inf
[2025-05-27T18:50:35] Installed: PCI Device using AlderLakePCH-PSystem.inf
[2025-05-27T18:50:35] Installed: PCI Simple Communications Controller using heci.inf
[2025-05-27T18:50:36] Installed:  using ECSWifiDetect.inf
[2025-05-27T18:50:37] Installed: PCI Device using iaLPSS2_I2C_ADL.inf
[2025-05-27T18:50:38] Installed: PCI Data Acquisition and Signal Processing Controller using ipf_cpu.inf
[2025-05-27T18:50:38] Installed: SM Bus Controller using AlderLakePCH-PSystem.inf
[2025-05-27T18:50:42] Installed: Network Controller using netrtwlane601.inf
[2025-05-27T18:50:43] Installed:  using ipf_acpi.inf
[2025-05-27T18:50:44] Installed: USB2.0-CRW using RtsUer.inf
[2025-05-27T18:50:44] Installed: Base System Device using gna.inf
[2025-05-27T20:20:06] Installed:  using ipf_acpi.inf
[2025-05-27T20:20:06] Installed:  using iaLPSS2_GPIO2_ADL.inf
[2025-05-27T20:20:08] Installed: PCI Device using AlderLakePCH-PSystem.inf
[2025-05-27T20:20:08] Installed: PCI Simple Communications Controller using heci.inf
[2025-05-27T20:20:09] Installed:  using ECSWifiDetect.inf
[2025-05-27T20:20:10] Installed: PCI Device using iaLPSS2_I2C_ADL.inf
[2025-05-27T20:20:11] Installed: PCI Data Acquisition and Signal Processing Controller using ipf_cpu.inf
[2025-05-27T20:20:11] Installed: SM Bus Controller using AlderLakePCH-PSystem.inf
[2025-05-27T20:20:15] Installed: Network Controller using netrtwlane601.inf
[2025-05-27T20:20:15] Installed:  using ipf_acpi.inf
[2025-05-27T20:20:16] Installed: USB2.0-CRW using RtsUer.inf
[2025-05-27T20:20:17] Installed: Base System Device using gna.inf
[2025-05-27T21:34:13] Installed:  using ipf_acpi.inf
[2025-05-27T21:34:14] Installed:  using iaLPSS2_GPIO2_ADL.inf
[2025-05-27T21:34:15] Installed: PCI Device using AlderLakePCH-PSystem.inf
[2025-05-27T21:34:16] Installed: PCI Simple Communications Controller using heci.inf
[2025-05-27T21:34:17] Installed:  using ECSWifiDetect.inf
[2025-05-27T21:34:17] Installed: PCI Device using iaLPSS2_I2C_ADL.inf
[2025-05-27T21:34:18] Installed: PCI Data Acquisition and Signal Processing Controller using ipf_cpu.inf
[2025-05-27T21:34:19] Installed: SM Bus Controller using AlderLakePCH-PSystem.inf
[2025-05-27T21:34:23] Installed: Network Controller using netrtwlane601.inf
[2025-05-27T21:34:23] Installed:  using ipf_acpi.inf
[2025-05-27T21:34:24] Installed: USB2.0-CRW using RtsUer.inf
[2025-05-27T21:34:25] Installed: Base System Device using gna.inf
[2025-05-27T21:45:25] Installed:  using ipf_acpi.inf
[2025-05-27T21:45:25] Installed:  using iaLPSS2_GPIO2_ADL.inf
[2025-05-27T21:45:27] Installed: PCI Device using AlderLakePCH-PSystem.inf
[2025-05-27T21:45:27] Installed: PCI Simple Communications Controller using heci.inf
[2025-05-27T21:45:28] Installed:  using ECSWifiDetect.inf
[2025-05-27T21:45:29] Installed: PCI Device using iaLPSS2_I2C_ADL.inf
[2025-05-27T21:45:30] Installed: PCI Data Acquisition and Signal Processing Controller using ipf_cpu.inf
[2025-05-27T21:45:30] Installed: SM Bus Controller using AlderLakePCH-PSystem.inf
[2025-05-27T21:45:34] Installed: Network Controller using netrtwlane601.inf
[2025-05-27T21:45:34] Installed:  using ipf_acpi.inf
[2025-05-27T21:45:35] Installed: USB2.0-CRW using RtsUer.inf
[2025-05-27T21:45:36] Installed: Base System Device using gna.inf
[2025-05-28T15:48:01] Installed:  using ipf_acpi.inf
[2025-05-28T15:48:02] Installed:  using iaLPSS2_GPIO2_ADL.inf
[2025-05-28T15:48:04] Installed: PCI Device using AlderLakePCH-PSystem.inf
[2025-05-28T15:48:05] Installed: PCI Simple Communications Controller using heci.inf
[2025-05-28T15:48:05] Installed:  using ECSWifiDetect.inf
[2025-05-28T15:48:06] Installed: PCI Device using iaLPSS2_I2C_ADL.inf
[2025-05-28T15:48:07] Installed: PCI Data Acquisition and Signal Processing Controller using ipf_cpu.inf
[2025-05-28T15:48:08] Installed: SM Bus Controller using AlderLakePCH-PSystem.inf
[2025-05-28T15:48:11] Installed: Network Controller using netrtwlane601.inf
[2025-05-28T15:48:12] Installed:  using ipf_acpi.inf
[2025-05-28T15:48:13] Installed: USB2.0-CRW using RtsUer.inf
[2025-05-28T15:48:14] Installed: Base System Device using gna.inf
[2025-05-28T20:12:26] Installed:  using ipf_acpi.inf
[2025-05-28T20:12:27] Installed:  using iaLPSS2_GPIO2_ADL.inf
[2025-05-28T20:12:29] Installed: PCI Device using AlderLakePCH-PSystem.inf
[2025-05-28T20:12:29] Installed: PCI Simple Communications Controller using heci.inf
[2025-05-28T20:12:30] Installed:  using ECSWifiDetect.inf
[2025-05-28T20:12:31] Installed: PCI Device using iaLPSS2_I2C_ADL.inf
[2025-05-28T20:12:32] Installed: PCI Data Acquisition and Signal Processing Controller using ipf_cpu.inf
[2025-05-28T20:12:32] Installed: SM Bus Controller using AlderLakePCH-PSystem.inf
[2025-05-28T20:12:36] Installed: Network Controller using netrtwlane601.inf
[2025-05-28T20:12:37] Installed:  using ipf_acpi.inf
[2025-05-28T20:12:38] Installed: USB2.0-CRW using RtsUer.inf
[2025-05-28T20:12:38] Installed: Base System Device using gna.inf
[2025-05-28T20:35:57] Installed:  using ipf_acpi.inf
[2025-05-28T20:35:58] Installed:  using iaLPSS2_GPIO2_ADL.inf
[2025-05-28T20:35:59] Installed: PCI Device using AlderLakePCH-PSystem.inf
[2025-05-28T20:36:00] Installed: PCI Simple Communications Controller using heci.inf
[2025-05-28T20:36:01] Installed:  using ECSWifiDetect.inf
[2025-05-28T20:36:02] Installed: PCI Device using iaLPSS2_I2C_ADL.inf
[2025-05-28T20:36:03] Installed: PCI Data Acquisition and Signal Processing Controller using ipf_cpu.inf
[2025-05-28T20:36:03] Installed: SM Bus Controller using AlderLakePCH-PSystem.inf
[2025-05-28T20:36:07] Installed: Network Controller using netrtwlane601.inf
[2025-05-28T20:36:07] Installed:  using ipf_acpi.inf
[2025-05-28T20:36:08] Installed: USB2.0-CRW using RtsUer.inf
[2025-05-28T20:36:09] Installed: Base System Device using gna.inf
[2025-05-28T20:45:12] Installed:  using ipf_acpi.inf
[2025-05-28T20:45:13] Installed:  using iaLPSS2_GPIO2_ADL.inf
[2025-05-28T20:45:15] Installed: MAFP General Device  using Rtkfilter.inf
[2025-05-28T20:45:17] Installed: PCI Device using AlderLakePCH-PSystem.inf
[2025-05-28T20:45:18] Installed: PCI Simple Communications Controller using heci.inf
[2025-05-28T20:45:19] Installed:  using ECSWifiDetect.inf
[2025-05-28T20:45:20] Installed: PCI Device using iaLPSS2_I2C_ADL.inf
[2025-05-28T20:45:21] Installed: PCI Data Acquisition and Signal Processing Controller using ipf_cpu.inf
[2025-05-28T20:45:21] Installed: SM Bus Controller using AlderLakePCH-PSystem.inf
[2025-05-28T20:45:25] Installed: Network Controller using netrtwlane601.inf
[2025-05-28T20:45:25] Installed:  using ipf_acpi.inf
[2025-05-28T20:45:26] Installed: USB2.0-CRW using RtsUer.inf
[2025-05-28T20:45:27] Installed: Base System Device using gna.inf
[2025-06-03T17:20:10] Installed:  using ipf_acpi.inf
[2025-06-03T17:20:12] Installed:  using iaLPSS2_GPIO2_ADL.inf
[2025-06-03T17:20:14] Installed: MAFP General Device  using Rtkfilter.inf
[2025-06-03T17:20:16] Installed: PCI Device using AlderLakePCH-PSystem.inf
[2025-06-03T17:20:16] Installed: PCI Simple Communications Controller using heci.inf
[2025-06-03T17:20:17] Installed:  using ECSWifiDetect.inf
[2025-06-03T17:20:18] Installed: PCI Device using iaLPSS2_I2C_ADL.inf
[2025-06-03T17:20:19] Installed: PCI Data Acquisition and Signal Processing Controller using ipf_cpu.inf
[2025-06-03T17:20:19] Installed: SM Bus Controller using AlderLakePCH-PSystem.inf
[2025-06-03T17:20:23] Installed: Network Controller using netrtwlane601.inf
[2025-06-03T17:20:23] Installed:  using ipf_acpi.inf
[2025-06-03T17:20:24] Installed: USB2.0-CRW using RtsUer.inf
[2025-06-03T17:20:25] Installed: Base System Device using gna.inf
[2025-06-03T17:27:24] Installed:  using ipf_acpi.inf
[2025-06-03T17:27:24] Installed:  using iaLPSS2_GPIO2_ADL.inf
[2025-06-03T17:27:27] Installed: MAFP General Device  using Rtkfilter.inf
[2025-06-03T17:27:28] Installed: PCI Device using AlderLakePCH-PSystem.inf
[2025-06-03T17:27:29] Installed: PCI Simple Communications Controller using heci.inf
[2025-06-03T17:27:30] Installed:  using ECSWifiDetect.inf
[2025-06-03T17:27:31] Installed: PCI Device using iaLPSS2_I2C_ADL.inf
[2025-06-03T17:27:32] Installed: PCI Data Acquisition and Signal Processing Controller using ipf_cpu.inf
[2025-06-03T17:27:32] Installed: SM Bus Controller using AlderLakePCH-PSystem.inf
[2025-06-03T17:27:36] Installed: Network Controller using netrtwlane601.inf
[2025-06-03T17:27:37] Installed:  using ipf_acpi.inf
[2025-06-03T17:27:38] Installed: USB2.0-CRW using RtsUer.inf
[2025-06-03T17:27:39] Installed: Base System Device using gna.inf
[2025-06-03T19:34:22] Installed:  using ipf_acpi.inf
[2025-06-03T19:34:23] Installed:  using iaLPSS2_GPIO2_ADL.inf
[2025-06-03T19:34:25] Installed: MAFP General Device  using Rtkfilter.inf
[2025-06-03T19:34:27] Installed: PCI Device using AlderLakePCH-PSystem.inf
[2025-06-03T19:34:27] Installed: PCI Simple Communications Controller using heci.inf
[2025-06-03T19:34:28] Installed:  using ECSWifiDetect.inf
[2025-06-03T19:34:30] Installed: PCI Device using iaLPSS2_I2C_ADL.inf
[2025-06-03T19:34:31] Installed: PCI Data Acquisition and Signal Processing Controller using ipf_cpu.inf
[2025-06-03T19:34:31] Installed: SM Bus Controller using AlderLakePCH-PSystem.inf
[2025-06-03T19:34:35] Installed: Network Controller using netrtwlane601.inf
[2025-06-03T19:34:36] Installed:  using ipf_acpi.inf
[2025-06-03T19:34:37] Installed: USB2.0-CRW using RtsUer.inf
[2025-06-03T19:34:37] Installed: Base System Device using gna.inf
[2025-06-03T19:46:27] Installed:  using ipf_acpi.inf
[2025-06-03T19:46:28] Installed:  using iaLPSS2_GPIO2_ADL.inf
[2025-06-03T19:46:30] Installed: MAFP General Device  using Rtkfilter.inf
[2025-06-03T19:46:32] Installed: PCI Device using AlderLakePCH-PSystem.inf
[2025-06-03T19:46:32] Installed: PCI Simple Communications Controller using heci.inf
[2025-06-03T19:46:33] Installed:  using ECSWifiDetect.inf
[2025-06-03T19:46:34] Installed: PCI Device using iaLPSS2_I2C_ADL.inf
[2025-06-03T19:46:35] Installed: PCI Data Acquisition and Signal Processing Controller using ipf_cpu.inf
[2025-06-03T19:46:35] Installed: SM Bus Controller using AlderLakePCH-PSystem.inf
[2025-06-03T19:46:39] Installed: Network Controller using netrtwlane601.inf
[2025-06-03T19:46:40] Installed:  using ipf_acpi.inf
[2025-06-03T19:46:41] Installed: USB2.0-CRW using RtsUer.inf
[2025-06-03T19:46:41] Installed: Base System Device using gna.inf
[2025-06-04T15:09:41] Installed:  using ipf_acpi.inf
[2025-06-04T15:09:43] Installed:  using iaLPSS2_GPIO2_ADL.inf
[2025-06-04T15:09:45] Installed: PCI Device using AlderLakePCH-PSystem.inf
[2025-06-04T15:09:46] Installed: PCI Simple Communications Controller using heci.inf
[2025-06-04T15:09:47] Installed:  using ECSWifiDetect.inf
[2025-06-04T15:09:47] Installed: PCI Device using iaLPSS2_I2C_ADL.inf
[2025-06-04T15:09:49] Installed: PCI Data Acquisition and Signal Processing Controller using ipf_cpu.inf
[2025-06-04T15:09:49] Installed: SM Bus Controller using AlderLakePCH-PSystem.inf
[2025-06-04T15:09:53] Installed: Network Controller using netrtwlane601.inf
[2025-06-04T15:09:54] Installed:  using ipf_acpi.inf
[2025-06-04T15:09:55] Installed: USB2.0-CRW using RtsUer.inf
[2025-06-04T15:09:56] Installed: Base System Device using gna.inf
[2025-06-04T15:09:58] Installed: MAFP General Device  using Rtkfilter.inf
[2025-06-05T14:11:50] Installed:  using ipf_acpi.inf
[2025-06-05T14:11:53] Installed:  using iaLPSS2_GPIO2_ADL.inf
[2025-06-05T14:11:54] Installed: PCI Device using AlderLakePCH-PSystem.inf
[2025-06-05T14:11:55] Installed: PCI Simple Communications Controller using heci.inf
[2025-06-05T14:11:56] Installed:  using ECSWifiDetect.inf
[2025-06-05T14:11:57] Installed: PCI Device using iaLPSS2_I2C_ADL.inf
[2025-06-05T14:11:58] Installed: PCI Data Acquisition and Signal Processing Controller using ipf_cpu.inf
[2025-06-05T14:11:58] Installed: SM Bus Controller using AlderLakePCH-PSystem.inf
[2025-06-05T14:12:02] Installed: Network Controller using netrtwlane601.inf
[2025-06-05T14:12:03] Installed:  using ipf_acpi.inf
[2025-06-05T14:12:04] Installed: USB2.0-CRW using RtsUer.inf
[2025-06-05T14:12:04] Installed: Base System Device using gna.inf
[2025-06-05T14:12:06] Installed: MAFP General Device  using Rtkfilter.inf
[2025-06-05T14:16:07] Installed:  using ipf_acpi.inf
[2025-06-05T14:16:08] Installed:  using iaLPSS2_GPIO2_ADL.inf
[2025-06-05T14:16:10] Installed: MAFP General Device  using Rtkfilter.inf
[2025-06-05T14:16:12] Installed: PCI Device using AlderLakePCH-PSystem.inf
[2025-06-05T14:16:12] Installed: PCI Simple Communications Controller using heci.inf
[2025-06-05T14:16:13] Installed:  using ECSWifiDetect.inf
[2025-06-05T14:16:14] Installed: PCI Device using iaLPSS2_I2C_ADL.inf
[2025-06-05T14:16:15] Installed: PCI Data Acquisition and Signal Processing Controller using ipf_cpu.inf
[2025-06-05T14:16:15] Installed: SM Bus Controller using AlderLakePCH-PSystem.inf
[2025-06-05T14:16:19] Installed: Network Controller using netrtwlane601.inf
[2025-06-05T14:16:20] Installed:  using ipf_acpi.inf
[2025-06-05T14:16:21] Installed: USB2.0-CRW using RtsUer.inf
[2025-06-05T14:16:21] Installed: Base System Device using gna.inf
[2025-06-05T19:31:30] Installed:  using ipf_acpi.inf
[2025-06-05T19:31:31] Installed:  using iaLPSS2_GPIO2_ADL.inf
[2025-06-05T19:31:33] Installed: MAFP General Device  using Rtkfilter.inf
[2025-06-05T19:31:35] Installed: PCI Device using AlderLakePCH-PSystem.inf
[2025-06-05T19:31:35] Installed: PCI Simple Communications Controller using heci.inf
[2025-06-05T19:31:36] Installed:  using ECSWifiDetect.inf
[2025-06-05T19:31:37] Installed: PCI Device using iaLPSS2_I2C_ADL.inf
[2025-06-05T19:31:38] Installed: PCI Data Acquisition and Signal Processing Controller using ipf_cpu.inf
[2025-06-05T19:31:38] Installed: SM Bus Controller using AlderLakePCH-PSystem.inf
[2025-06-05T19:31:42] Installed: Network Controller using netrtwlane601.inf
[2025-06-05T19:31:43] Installed:  using ipf_acpi.inf
[2025-06-05T19:31:44] Installed: USB2.0-CRW using RtsUer.inf
[2025-06-05T19:31:45] Installed: Base System Device using gna.inf
[2025-06-06T16:16:30] Installed:  using ipf_acpi.inf
[2025-06-06T16:16:33] Installed:  using iaLPSS2_GPIO2_ADL.inf
[2025-06-06T16:16:35] Installed: MAFP General Device  using Rtkfilter.inf
[2025-06-06T16:16:37] Installed: PCI Device using AlderLakePCH-PSystem.inf
[2025-06-06T16:16:38] Installed: PCI Simple Communications Controller using heci.inf
[2025-06-06T16:16:39] Installed:  using ECSWifiDetect.inf
[2025-06-06T16:16:40] Installed: PCI Device using iaLPSS2_I2C_ADL.inf
[2025-06-06T16:16:41] Installed: PCI Data Acquisition and Signal Processing Controller using ipf_cpu.inf
[2025-06-06T16:16:42] Installed: SM Bus Controller using AlderLakePCH-PSystem.inf
[2025-06-06T16:16:46] Installed: Network Controller using netrtwlane601.inf
[2025-06-06T16:16:47] Installed:  using ipf_acpi.inf
[2025-06-06T16:16:48] Installed: USB2.0-CRW using RtsUer.inf
[2025-06-06T16:16:49] Installed: Base System Device using gna.inf
[2025-06-09T16:27:28] Installed: MAFP General Device  using Rtkfilter.inf
[2025-06-09T16:27:30] Installed:  using ECSWifiDetect.inf
[2025-06-09T16:27:31] Installed: Network Controller using netrtwlane601.inf
[2025-06-09T16:27:32] Installed: USB2.0-CRW using RtsUer.inf
[2025-06-09T16:27:46] Installed: MAFP General Device  using Rtkfilter.inf
[2025-06-09T16:27:47] Installed:  using ECSWifiDetect.inf
[2025-06-09T16:27:47] Installed: Network Controller using netrtwlane601.inf
[2025-06-09T16:27:48] Installed: USB2.0-CRW using RtsUer.inf
[2025-06-09T17:42:10] Installed:  using ipf_acpi.inf
[2025-06-09T17:42:11] Installed:  using iaLPSS2_GPIO2_ADL.inf
[2025-06-09T17:42:13] Installed: MAFP General Device  using Rtkfilter.inf
[2025-06-09T17:42:15] Installed: PCI Device using AlderLakePCH-PSystem.inf
[2025-06-09T17:42:16] Installed: PCI Simple Communications Controller using heci.inf
[2025-06-09T17:42:17] Installed:  using ECSWifiDetect.inf
[2025-06-09T17:42:18] Installed: PCI Device using iaLPSS2_I2C_ADL.inf
[2025-06-09T17:42:19] Installed: PCI Data Acquisition and Signal Processing Controller using ipf_cpu.inf
[2025-06-09T17:42:19] Installed: SM Bus Controller using AlderLakePCH-PSystem.inf
[2025-06-09T17:42:23] Installed: Network Controller using netrtwlane601.inf
[2025-06-09T17:42:23] Installed:  using ipf_acpi.inf
[2025-06-09T17:42:24] Installed: USB2.0-CRW using RtsUer.inf
[2025-06-09T17:42:25] Installed: Base System Device using gna.inf
[2025-06-09T18:05:19] Installed:  using ipf_acpi.inf
[2025-06-09T18:05:19] Installed:  using iaLPSS2_GPIO2_ADL.inf
[2025-06-09T18:05:21] Installed: PCI Device using AlderLakePCH-PSystem.inf
[2025-06-09T18:05:21] Installed: PCI Simple Communications Controller using heci.inf
[2025-06-09T18:05:22] Installed:  using ECSWifiDetect.inf
[2025-06-09T18:05:23] Installed: PCI Device using iaLPSS2_I2C_ADL.inf
[2025-06-09T18:05:24] Installed: PCI Data Acquisition and Signal Processing Controller using ipf_cpu.inf
[2025-06-09T18:05:24] Installed: SM Bus Controller using AlderLakePCH-PSystem.inf
[2025-06-09T18:05:28] Installed: Network Controller using netrtwlane601.inf
[2025-06-09T18:05:28] Installed:  using ipf_acpi.inf
[2025-06-09T18:05:29] Installed: USB2.0-CRW using RtsUer.inf
[2025-06-09T18:05:30] Installed: Base System Device using gna.inf
[2025-06-09T18:58:52] Installed:  using ipf_acpi.inf
[2025-06-09T18:58:55] Installed: Network Controller using gna.inf
[2025-06-09T18:58:56] Installed:  using iaLPSS2_GPIO2_ADL.inf
[2025-06-09T18:58:58] Installed: MAFP General Device  using Rtkfilter.inf
[2025-06-09T18:58:59] Installed: PCI Device using AlderLakePCH-PSystem.inf
[2025-06-09T18:59:01] Installed:  using Rtkfilter.inf
[2025-06-09T18:59:02] Installed: PCI Simple Communications Controller using heci.inf
[2025-06-09T18:59:02] Installed:  using ECSWifiDetect.inf
[2025-06-09T18:59:03] Installed: PCI Device using iaLPSS2_I2C_ADL.inf
[2025-06-09T18:59:04] Installed: PCI Data Acquisition and Signal Processing Controller using ipf_cpu.inf
[2025-06-09T18:59:04] Installed: SM Bus Controller using AlderLakePCH-PSystem.inf
[2025-06-09T18:59:05] Installed:  using ipf_acpi.inf
[2025-06-09T18:59:06] Installed: USB2.0-CRW using RtsUer.inf
[2025-06-09T18:59:06] Installed: Base System Device using gna.inf
[2025-08-19T16:34:45] NoINF:  using 
[2025-08-19T16:34:45] NoINF: MAFP General Device  using 
[2025-08-19T16:34:46] NoINF: Network Controller using 
[2025-08-19T16:34:47] NoINF: USB2.0-CRW using 
