**********************
Windows PowerShell transcript start
Start time: 20250819163444
Username: PROLOGIX\Administrator
RunAs User: PROLOGIX\Administrator
Configuration Name: 
Machine: PROLOGIX (Microsoft Windows NT 10.0.26100.0)
Host Application: powershell -NoProfile -ExecutionPolicy Bypass -File D:\autoDriver\InstallMissingDrivers.ps1 -DriverRepoPath D:\autoDriver\drivers -LogPath D:\autoDriver\InstallDrivers.log
Process ID: 7420
PSVersion: 5.1.26100.1591
PSEdition: Desktop
PSCompatibleVersions: 1.0, 2.0, 3.0, 4.0, 5.0, 5.1.26100.1591
BuildVersion: 10.0.26100.1591
CLRVersion: 4.0.30319.42000
WSManStackVersion: 3.0
PSRemotingProtocolVersion: 2.3
SerializationVersion: 1.1.0.1
**********************
Transcript started, output file is D:\autoDriver\InstallDrivers.log
[2025-08-19 16:34:44] Drivers folder: D:\autoDriver\drivers
[2025-08-19 16:34:44] Detailed log: D:\autoDriver\InstallDrivers.log
[2025-08-19 16:34:44] Simple log:   D:\autoDriver\InstallDrivers_simple.log
Scanning drivers folder for .inf files...
Found 4 device(s) needing drivers.
Initial device status:
- \\PROLOGIX\root\cimv2:Win32_PnPEntity.DeviceID="ACPI\\WFDT0000\\0".Name : ErrorCode \\PROLOGIX\root\cimv2:Win32_PnPEntity.DeviceID="ACPI\\WFDT0000\\0".ConfigManagerErrorCode
- \\PROLOGIX\root\cimv2:Win32_PnPEntity.DeviceID="USB\\VID_3274&PID_8012\\1120050403020912".Name : ErrorCode \\PROLOGIX\root\cimv2:Win32_PnPEntity.DeviceID="USB\\VID_3274&PID_8012\\1120050403020912".ConfigManagerErrorCode
- \\PROLOGIX\root\cimv2:Win32_PnPEntity.DeviceID="PCI\\VEN_10EC&DEV_B852&SUBSYS_B85210EC&REV_00\\00E04CFFFE88520100".Name : ErrorCode \\PROLOGIX\root\cimv2:Win32_PnPEntity.DeviceID="PCI\\VEN_10EC&DEV_B852&SUBSYS_B85210EC&REV_00\\00E04CFFFE88520100".ConfigManagerErrorCode
- \\PROLOGIX\root\cimv2:Win32_PnPEntity.DeviceID="USB\\VID_0BDA&PID_0129\\20100201396000000".Name : ErrorCode \\PROLOGIX\root\cimv2:Win32_PnPEntity.DeviceID="USB\\VID_0BDA&PID_0129\\20100201396000000".ConfigManagerErrorCode

Processing:  [ACPI\WFDT0000\0]
PS>TerminatingError(Select-String): "Cannot bind argument to parameter 'Path' because it is null."
Select-String : Cannot bind argument to parameter 'Path' because it is null.
At D:\autoDriver\InstallMissingDrivers.ps1:74 char:69
+ ...  = $infFiles | Where-Object { Select-String -Path $_.FullName -Patter ...
+                                                       ~~~~~~~~~~~
    + CategoryInfo          : InvalidData: (:) [Select-String], ParameterBindingValidationException
    + FullyQualifiedErrorId : ParameterArgumentValidationErrorNullNotAllowed,Microsoft.PowerShell.Commands.SelectStringC
ommand
Select-String : Cannot bind argument to parameter 'Path' because it is null.
At D:\autoDriver\InstallMissingDrivers.ps1:74 char:69
+ ...  = $infFiles | Where-Object { Select-String -Path $_.FullName -Patter ...
+                                                       ~~~~~~~~~~~
    + CategoryInfo          : InvalidData: (:) [Select-String], ParameterBindingValidationException
    + FullyQualifiedErrorId : ParameterArgumentValidationErrorNullNotAllowed,Microsoft.PowerShell.Commands.SelectStrin
   gCommand

PS>TerminatingError(Select-String): "Cannot bind argument to parameter 'Path' because it is null."
Select-String : Cannot bind argument to parameter 'Path' because it is null.
At D:\autoDriver\InstallMissingDrivers.ps1:74 char:69
+ ...  = $infFiles | Where-Object { Select-String -Path $_.FullName -Patter ...
+                                                       ~~~~~~~~~~~
    + CategoryInfo          : InvalidData: (:) [Select-String], ParameterBindingValidationException
    + FullyQualifiedErrorId : ParameterArgumentValidationErrorNullNotAllowed,Microsoft.PowerShell.Commands.SelectStringC
ommand
Select-String : Cannot bind argument to parameter 'Path' because it is null.
At D:\autoDriver\InstallMissingDrivers.ps1:74 char:69
+ ...  = $infFiles | Where-Object { Select-String -Path $_.FullName -Patter ...
+                                                       ~~~~~~~~~~~
    + CategoryInfo          : InvalidData: (:) [Select-String], ParameterBindingValidationException
    + FullyQualifiedErrorId : ParameterArgumentValidationErrorNullNotAllowed,Microsoft.PowerShell.Commands.SelectStrin
   gCommand

PS>TerminatingError(Select-String): "Cannot bind argument to parameter 'Path' because it is null."
Select-String : Cannot bind argument to parameter 'Path' because it is null.
At D:\autoDriver\InstallMissingDrivers.ps1:74 char:69
+ ...  = $infFiles | Where-Object { Select-String -Path $_.FullName -Patter ...
+                                                       ~~~~~~~~~~~
    + CategoryInfo          : InvalidData: (:) [Select-String], ParameterBindingValidationException
    + FullyQualifiedErrorId : ParameterArgumentValidationErrorNullNotAllowed,Microsoft.PowerShell.Commands.SelectStringC
ommand
Select-String : Cannot bind argument to parameter 'Path' because it is null.
At D:\autoDriver\InstallMissingDrivers.ps1:74 char:69
+ ...  = $infFiles | Where-Object { Select-String -Path $_.FullName -Patter ...
+                                                       ~~~~~~~~~~~
    + CategoryInfo          : InvalidData: (:) [Select-String], ParameterBindingValidationException
    + FullyQualifiedErrorId : ParameterArgumentValidationErrorNullNotAllowed,Microsoft.PowerShell.Commands.SelectStrin
   gCommand

PS>TerminatingError(Select-String): "Cannot bind argument to parameter 'Path' because it is null."
Select-String : Cannot bind argument to parameter 'Path' because it is null.
At D:\autoDriver\InstallMissingDrivers.ps1:74 char:69
+ ...  = $infFiles | Where-Object { Select-String -Path $_.FullName -Patter ...
+                                                       ~~~~~~~~~~~
    + CategoryInfo          : InvalidData: (:) [Select-String], ParameterBindingValidationException
    + FullyQualifiedErrorId : ParameterArgumentValidationErrorNullNotAllowed,Microsoft.PowerShell.Commands.SelectStringC
ommand
Select-String : Cannot bind argument to parameter 'Path' because it is null.
At D:\autoDriver\InstallMissingDrivers.ps1:74 char:69
+ ...  = $infFiles | Where-Object { Select-String -Path $_.FullName -Patter ...
+                                                       ~~~~~~~~~~~
    + CategoryInfo          : InvalidData: (:) [Select-String], ParameterBindingValidationException
    + FullyQualifiedErrorId : ParameterArgumentValidationErrorNullNotAllowed,Microsoft.PowerShell.Commands.SelectStrin
   gCommand

  [!] No INF found. Skipping.

Processing: MAFP General Device  [USB\VID_3274&PID_8012\1120050403020912]
PS>TerminatingError(Select-String): "Cannot bind argument to parameter 'Path' because it is null."
Select-String : Cannot bind argument to parameter 'Path' because it is null.
At D:\autoDriver\InstallMissingDrivers.ps1:74 char:69
+ ...  = $infFiles | Where-Object { Select-String -Path $_.FullName -Patter ...
+                                                       ~~~~~~~~~~~
    + CategoryInfo          : InvalidData: (:) [Select-String], ParameterBindingValidationException
    + FullyQualifiedErrorId : ParameterArgumentValidationErrorNullNotAllowed,Microsoft.PowerShell.Commands.SelectStringC
ommand
Select-String : Cannot bind argument to parameter 'Path' because it is null.
At D:\autoDriver\InstallMissingDrivers.ps1:74 char:69
+ ...  = $infFiles | Where-Object { Select-String -Path $_.FullName -Patter ...
+                                                       ~~~~~~~~~~~
    + CategoryInfo          : InvalidData: (:) [Select-String], ParameterBindingValidationException
    + FullyQualifiedErrorId : ParameterArgumentValidationErrorNullNotAllowed,Microsoft.PowerShell.Commands.SelectStrin
   gCommand

PS>TerminatingError(Select-String): "Cannot bind argument to parameter 'Path' because it is null."
Select-String : Cannot bind argument to parameter 'Path' because it is null.
At D:\autoDriver\InstallMissingDrivers.ps1:74 char:69
+ ...  = $infFiles | Where-Object { Select-String -Path $_.FullName -Patter ...
+                                                       ~~~~~~~~~~~
    + CategoryInfo          : InvalidData: (:) [Select-String], ParameterBindingValidationException
    + FullyQualifiedErrorId : ParameterArgumentValidationErrorNullNotAllowed,Microsoft.PowerShell.Commands.SelectStringC
ommand
Select-String : Cannot bind argument to parameter 'Path' because it is null.
At D:\autoDriver\InstallMissingDrivers.ps1:74 char:69
+ ...  = $infFiles | Where-Object { Select-String -Path $_.FullName -Patter ...
+                                                       ~~~~~~~~~~~
    + CategoryInfo          : InvalidData: (:) [Select-String], ParameterBindingValidationException
    + FullyQualifiedErrorId : ParameterArgumentValidationErrorNullNotAllowed,Microsoft.PowerShell.Commands.SelectStrin
   gCommand

PS>TerminatingError(Select-String): "Cannot bind argument to parameter 'Path' because it is null."
Select-String : Cannot bind argument to parameter 'Path' because it is null.
At D:\autoDriver\InstallMissingDrivers.ps1:74 char:69
+ ...  = $infFiles | Where-Object { Select-String -Path $_.FullName -Patter ...
+                                                       ~~~~~~~~~~~
    + CategoryInfo          : InvalidData: (:) [Select-String], ParameterBindingValidationException
    + FullyQualifiedErrorId : ParameterArgumentValidationErrorNullNotAllowed,Microsoft.PowerShell.Commands.SelectStringC
ommand
Select-String : Cannot bind argument to parameter 'Path' because it is null.
At D:\autoDriver\InstallMissingDrivers.ps1:74 char:69
+ ...  = $infFiles | Where-Object { Select-String -Path $_.FullName -Patter ...
+                                                       ~~~~~~~~~~~
    + CategoryInfo          : InvalidData: (:) [Select-String], ParameterBindingValidationException
    + FullyQualifiedErrorId : ParameterArgumentValidationErrorNullNotAllowed,Microsoft.PowerShell.Commands.SelectStrin
   gCommand

PS>TerminatingError(Select-String): "Cannot bind argument to parameter 'Path' because it is null."
Select-String : Cannot bind argument to parameter 'Path' because it is null.
At D:\autoDriver\InstallMissingDrivers.ps1:74 char:69
+ ...  = $infFiles | Where-Object { Select-String -Path $_.FullName -Patter ...
+                                                       ~~~~~~~~~~~
    + CategoryInfo          : InvalidData: (:) [Select-String], ParameterBindingValidationException
    + FullyQualifiedErrorId : ParameterArgumentValidationErrorNullNotAllowed,Microsoft.PowerShell.Commands.SelectStringC
ommand
Select-String : Cannot bind argument to parameter 'Path' because it is null.
At D:\autoDriver\InstallMissingDrivers.ps1:74 char:69
+ ...  = $infFiles | Where-Object { Select-String -Path $_.FullName -Patter ...
+                                                       ~~~~~~~~~~~
    + CategoryInfo          : InvalidData: (:) [Select-String], ParameterBindingValidationException
    + FullyQualifiedErrorId : ParameterArgumentValidationErrorNullNotAllowed,Microsoft.PowerShell.Commands.SelectStrin
   gCommand

PS>TerminatingError(Select-String): "Cannot bind argument to parameter 'Path' because it is null."
Select-String : Cannot bind argument to parameter 'Path' because it is null.
At D:\autoDriver\InstallMissingDrivers.ps1:74 char:69
+ ...  = $infFiles | Where-Object { Select-String -Path $_.FullName -Patter ...
+                                                       ~~~~~~~~~~~
    + CategoryInfo          : InvalidData: (:) [Select-String], ParameterBindingValidationException
    + FullyQualifiedErrorId : ParameterArgumentValidationErrorNullNotAllowed,Microsoft.PowerShell.Commands.SelectStringC
ommand
Select-String : Cannot bind argument to parameter 'Path' because it is null.
At D:\autoDriver\InstallMissingDrivers.ps1:74 char:69
+ ...  = $infFiles | Where-Object { Select-String -Path $_.FullName -Patter ...
+                                                       ~~~~~~~~~~~
    + CategoryInfo          : InvalidData: (:) [Select-String], ParameterBindingValidationException
    + FullyQualifiedErrorId : ParameterArgumentValidationErrorNullNotAllowed,Microsoft.PowerShell.Commands.SelectStrin
   gCommand

PS>TerminatingError(Select-String): "Cannot bind argument to parameter 'Path' because it is null."
Select-String : Cannot bind argument to parameter 'Path' because it is null.
At D:\autoDriver\InstallMissingDrivers.ps1:74 char:69
+ ...  = $infFiles | Where-Object { Select-String -Path $_.FullName -Patter ...
+                                                       ~~~~~~~~~~~
    + CategoryInfo          : InvalidData: (:) [Select-String], ParameterBindingValidationException
    + FullyQualifiedErrorId : ParameterArgumentValidationErrorNullNotAllowed,Microsoft.PowerShell.Commands.SelectStringC
ommand
Select-String : Cannot bind argument to parameter 'Path' because it is null.
At D:\autoDriver\InstallMissingDrivers.ps1:74 char:69
+ ...  = $infFiles | Where-Object { Select-String -Path $_.FullName -Patter ...
+                                                       ~~~~~~~~~~~
    + CategoryInfo          : InvalidData: (:) [Select-String], ParameterBindingValidationException
    + FullyQualifiedErrorId : ParameterArgumentValidationErrorNullNotAllowed,Microsoft.PowerShell.Commands.SelectStrin
   gCommand

PS>TerminatingError(Select-String): "Cannot bind argument to parameter 'Path' because it is null."
Select-String : Cannot bind argument to parameter 'Path' because it is null.
At D:\autoDriver\InstallMissingDrivers.ps1:74 char:69
+ ...  = $infFiles | Where-Object { Select-String -Path $_.FullName -Patter ...
+                                                       ~~~~~~~~~~~
    + CategoryInfo          : InvalidData: (:) [Select-String], ParameterBindingValidationException
    + FullyQualifiedErrorId : ParameterArgumentValidationErrorNullNotAllowed,Microsoft.PowerShell.Commands.SelectStringC
ommand
Select-String : Cannot bind argument to parameter 'Path' because it is null.
At D:\autoDriver\InstallMissingDrivers.ps1:74 char:69
+ ...  = $infFiles | Where-Object { Select-String -Path $_.FullName -Patter ...
+                                                       ~~~~~~~~~~~
    + CategoryInfo          : InvalidData: (:) [Select-String], ParameterBindingValidationException
    + FullyQualifiedErrorId : ParameterArgumentValidationErrorNullNotAllowed,Microsoft.PowerShell.Commands.SelectStrin
   gCommand

PS>TerminatingError(Select-String): "Cannot bind argument to parameter 'Path' because it is null."
Select-String : Cannot bind argument to parameter 'Path' because it is null.
At D:\autoDriver\InstallMissingDrivers.ps1:74 char:69
+ ...  = $infFiles | Where-Object { Select-String -Path $_.FullName -Patter ...
+                                                       ~~~~~~~~~~~
    + CategoryInfo          : InvalidData: (:) [Select-String], ParameterBindingValidationException
    + FullyQualifiedErrorId : ParameterArgumentValidationErrorNullNotAllowed,Microsoft.PowerShell.Commands.SelectStringC
ommand
Select-String : Cannot bind argument to parameter 'Path' because it is null.
At D:\autoDriver\InstallMissingDrivers.ps1:74 char:69
+ ...  = $infFiles | Where-Object { Select-String -Path $_.FullName -Patter ...
+                                                       ~~~~~~~~~~~
    + CategoryInfo          : InvalidData: (:) [Select-String], ParameterBindingValidationException
    + FullyQualifiedErrorId : ParameterArgumentValidationErrorNullNotAllowed,Microsoft.PowerShell.Commands.SelectStrin
   gCommand

PS>TerminatingError(Select-String): "Cannot bind argument to parameter 'Path' because it is null."
Select-String : Cannot bind argument to parameter 'Path' because it is null.
At D:\autoDriver\InstallMissingDrivers.ps1:74 char:69
+ ...  = $infFiles | Where-Object { Select-String -Path $_.FullName -Patter ...
+                                                       ~~~~~~~~~~~
    + CategoryInfo          : InvalidData: (:) [Select-String], ParameterBindingValidationException
    + FullyQualifiedErrorId : ParameterArgumentValidationErrorNullNotAllowed,Microsoft.PowerShell.Commands.SelectStringC
ommand
Select-String : Cannot bind argument to parameter 'Path' because it is null.
At D:\autoDriver\InstallMissingDrivers.ps1:74 char:69
+ ...  = $infFiles | Where-Object { Select-String -Path $_.FullName -Patter ...
+                                                       ~~~~~~~~~~~
    + CategoryInfo          : InvalidData: (:) [Select-String], ParameterBindingValidationException
    + FullyQualifiedErrorId : ParameterArgumentValidationErrorNullNotAllowed,Microsoft.PowerShell.Commands.SelectStrin
   gCommand

PS>TerminatingError(Select-String): "Cannot bind argument to parameter 'Path' because it is null."
Select-String : Cannot bind argument to parameter 'Path' because it is null.
At D:\autoDriver\InstallMissingDrivers.ps1:74 char:69
+ ...  = $infFiles | Where-Object { Select-String -Path $_.FullName -Patter ...
+                                                       ~~~~~~~~~~~
    + CategoryInfo          : InvalidData: (:) [Select-String], ParameterBindingValidationException
    + FullyQualifiedErrorId : ParameterArgumentValidationErrorNullNotAllowed,Microsoft.PowerShell.Commands.SelectStringC
ommand
Select-String : Cannot bind argument to parameter 'Path' because it is null.
At D:\autoDriver\InstallMissingDrivers.ps1:74 char:69
+ ...  = $infFiles | Where-Object { Select-String -Path $_.FullName -Patter ...
+                                                       ~~~~~~~~~~~
    + CategoryInfo          : InvalidData: (:) [Select-String], ParameterBindingValidationException
    + FullyQualifiedErrorId : ParameterArgumentValidationErrorNullNotAllowed,Microsoft.PowerShell.Commands.SelectStrin
   gCommand

PS>TerminatingError(Select-String): "Cannot bind argument to parameter 'Path' because it is null."
Select-String : Cannot bind argument to parameter 'Path' because it is null.
At D:\autoDriver\InstallMissingDrivers.ps1:74 char:69
+ ...  = $infFiles | Where-Object { Select-String -Path $_.FullName -Patter ...
+                                                       ~~~~~~~~~~~
    + CategoryInfo          : InvalidData: (:) [Select-String], ParameterBindingValidationException
    + FullyQualifiedErrorId : ParameterArgumentValidationErrorNullNotAllowed,Microsoft.PowerShell.Commands.SelectStringC
ommand
Select-String : Cannot bind argument to parameter 'Path' because it is null.
At D:\autoDriver\InstallMissingDrivers.ps1:74 char:69
+ ...  = $infFiles | Where-Object { Select-String -Path $_.FullName -Patter ...
+                                                       ~~~~~~~~~~~
    + CategoryInfo          : InvalidData: (:) [Select-String], ParameterBindingValidationException
    + FullyQualifiedErrorId : ParameterArgumentValidationErrorNullNotAllowed,Microsoft.PowerShell.Commands.SelectStrin
   gCommand

  [!] No INF found. Skipping.

Processing: Network Controller [PCI\VEN_10EC&DEV_B852&SUBSYS_B85210EC&REV_00\00E04CFFFE88520100]
PS>TerminatingError(Select-String): "Cannot bind argument to parameter 'Path' because it is null."
Select-String : Cannot bind argument to parameter 'Path' because it is null.
At D:\autoDriver\InstallMissingDrivers.ps1:74 char:69
+ ...  = $infFiles | Where-Object { Select-String -Path $_.FullName -Patter ...
+                                                       ~~~~~~~~~~~
    + CategoryInfo          : InvalidData: (:) [Select-String], ParameterBindingValidationException
    + FullyQualifiedErrorId : ParameterArgumentValidationErrorNullNotAllowed,Microsoft.PowerShell.Commands.SelectStringC
ommand
Select-String : Cannot bind argument to parameter 'Path' because it is null.
At D:\autoDriver\InstallMissingDrivers.ps1:74 char:69
+ ...  = $infFiles | Where-Object { Select-String -Path $_.FullName -Patter ...
+                                                       ~~~~~~~~~~~
    + CategoryInfo          : InvalidData: (:) [Select-String], ParameterBindingValidationException
    + FullyQualifiedErrorId : ParameterArgumentValidationErrorNullNotAllowed,Microsoft.PowerShell.Commands.SelectStrin
   gCommand

PS>TerminatingError(Select-String): "Cannot bind argument to parameter 'Path' because it is null."
Select-String : Cannot bind argument to parameter 'Path' because it is null.
At D:\autoDriver\InstallMissingDrivers.ps1:74 char:69
+ ...  = $infFiles | Where-Object { Select-String -Path $_.FullName -Patter ...
+                                                       ~~~~~~~~~~~
    + CategoryInfo          : InvalidData: (:) [Select-String], ParameterBindingValidationException
    + FullyQualifiedErrorId : ParameterArgumentValidationErrorNullNotAllowed,Microsoft.PowerShell.Commands.SelectStringC
ommand
Select-String : Cannot bind argument to parameter 'Path' because it is null.
At D:\autoDriver\InstallMissingDrivers.ps1:74 char:69
+ ...  = $infFiles | Where-Object { Select-String -Path $_.FullName -Patter ...
+                                                       ~~~~~~~~~~~
    + CategoryInfo          : InvalidData: (:) [Select-String], ParameterBindingValidationException
    + FullyQualifiedErrorId : ParameterArgumentValidationErrorNullNotAllowed,Microsoft.PowerShell.Commands.SelectStrin
   gCommand

PS>TerminatingError(Select-String): "Cannot bind argument to parameter 'Path' because it is null."
Select-String : Cannot bind argument to parameter 'Path' because it is null.
At D:\autoDriver\InstallMissingDrivers.ps1:74 char:69
+ ...  = $infFiles | Where-Object { Select-String -Path $_.FullName -Patter ...
+                                                       ~~~~~~~~~~~
    + CategoryInfo          : InvalidData: (:) [Select-String], ParameterBindingValidationException
    + FullyQualifiedErrorId : ParameterArgumentValidationErrorNullNotAllowed,Microsoft.PowerShell.Commands.SelectStringC
ommand
Select-String : Cannot bind argument to parameter 'Path' because it is null.
At D:\autoDriver\InstallMissingDrivers.ps1:74 char:69
+ ...  = $infFiles | Where-Object { Select-String -Path $_.FullName -Patter ...
+                                                       ~~~~~~~~~~~
    + CategoryInfo          : InvalidData: (:) [Select-String], ParameterBindingValidationException
    + FullyQualifiedErrorId : ParameterArgumentValidationErrorNullNotAllowed,Microsoft.PowerShell.Commands.SelectStrin
   gCommand

PS>TerminatingError(Select-String): "Cannot bind argument to parameter 'Path' because it is null."
Select-String : Cannot bind argument to parameter 'Path' because it is null.
At D:\autoDriver\InstallMissingDrivers.ps1:74 char:69
+ ...  = $infFiles | Where-Object { Select-String -Path $_.FullName -Patter ...
+                                                       ~~~~~~~~~~~
    + CategoryInfo          : InvalidData: (:) [Select-String], ParameterBindingValidationException
    + FullyQualifiedErrorId : ParameterArgumentValidationErrorNullNotAllowed,Microsoft.PowerShell.Commands.SelectStringC
ommand
Select-String : Cannot bind argument to parameter 'Path' because it is null.
At D:\autoDriver\InstallMissingDrivers.ps1:74 char:69
+ ...  = $infFiles | Where-Object { Select-String -Path $_.FullName -Patter ...
+                                                       ~~~~~~~~~~~
    + CategoryInfo          : InvalidData: (:) [Select-String], ParameterBindingValidationException
    + FullyQualifiedErrorId : ParameterArgumentValidationErrorNullNotAllowed,Microsoft.PowerShell.Commands.SelectStrin
   gCommand

PS>TerminatingError(Select-String): "Cannot bind argument to parameter 'Path' because it is null."
Select-String : Cannot bind argument to parameter 'Path' because it is null.
At D:\autoDriver\InstallMissingDrivers.ps1:74 char:69
+ ...  = $infFiles | Where-Object { Select-String -Path $_.FullName -Patter ...
+                                                       ~~~~~~~~~~~
    + CategoryInfo          : InvalidData: (:) [Select-String], ParameterBindingValidationException
    + FullyQualifiedErrorId : ParameterArgumentValidationErrorNullNotAllowed,Microsoft.PowerShell.Commands.SelectStringC
ommand
Select-String : Cannot bind argument to parameter 'Path' because it is null.
At D:\autoDriver\InstallMissingDrivers.ps1:74 char:69
+ ...  = $infFiles | Where-Object { Select-String -Path $_.FullName -Patter ...
+                                                       ~~~~~~~~~~~
    + CategoryInfo          : InvalidData: (:) [Select-String], ParameterBindingValidationException
    + FullyQualifiedErrorId : ParameterArgumentValidationErrorNullNotAllowed,Microsoft.PowerShell.Commands.SelectStrin
   gCommand

PS>TerminatingError(Select-String): "Cannot bind argument to parameter 'Path' because it is null."
Select-String : Cannot bind argument to parameter 'Path' because it is null.
At D:\autoDriver\InstallMissingDrivers.ps1:74 char:69
+ ...  = $infFiles | Where-Object { Select-String -Path $_.FullName -Patter ...
+                                                       ~~~~~~~~~~~
    + CategoryInfo          : InvalidData: (:) [Select-String], ParameterBindingValidationException
    + FullyQualifiedErrorId : ParameterArgumentValidationErrorNullNotAllowed,Microsoft.PowerShell.Commands.SelectStringC
ommand
Select-String : Cannot bind argument to parameter 'Path' because it is null.
At D:\autoDriver\InstallMissingDrivers.ps1:74 char:69
+ ...  = $infFiles | Where-Object { Select-String -Path $_.FullName -Patter ...
+                                                       ~~~~~~~~~~~
    + CategoryInfo          : InvalidData: (:) [Select-String], ParameterBindingValidationException
    + FullyQualifiedErrorId : ParameterArgumentValidationErrorNullNotAllowed,Microsoft.PowerShell.Commands.SelectStrin
   gCommand

PS>TerminatingError(Select-String): "Cannot bind argument to parameter 'Path' because it is null."
Select-String : Cannot bind argument to parameter 'Path' because it is null.
At D:\autoDriver\InstallMissingDrivers.ps1:74 char:69
+ ...  = $infFiles | Where-Object { Select-String -Path $_.FullName -Patter ...
+                                                       ~~~~~~~~~~~
    + CategoryInfo          : InvalidData: (:) [Select-String], ParameterBindingValidationException
    + FullyQualifiedErrorId : ParameterArgumentValidationErrorNullNotAllowed,Microsoft.PowerShell.Commands.SelectStringC
ommand
Select-String : Cannot bind argument to parameter 'Path' because it is null.
At D:\autoDriver\InstallMissingDrivers.ps1:74 char:69
+ ...  = $infFiles | Where-Object { Select-String -Path $_.FullName -Patter ...
+                                                       ~~~~~~~~~~~
    + CategoryInfo          : InvalidData: (:) [Select-String], ParameterBindingValidationException
    + FullyQualifiedErrorId : ParameterArgumentValidationErrorNullNotAllowed,Microsoft.PowerShell.Commands.SelectStrin
   gCommand

PS>TerminatingError(Select-String): "Cannot bind argument to parameter 'Path' because it is null."
Select-String : Cannot bind argument to parameter 'Path' because it is null.
At D:\autoDriver\InstallMissingDrivers.ps1:74 char:69
+ ...  = $infFiles | Where-Object { Select-String -Path $_.FullName -Patter ...
+                                                       ~~~~~~~~~~~
    + CategoryInfo          : InvalidData: (:) [Select-String], ParameterBindingValidationException
    + FullyQualifiedErrorId : ParameterArgumentValidationErrorNullNotAllowed,Microsoft.PowerShell.Commands.SelectStringC
ommand
Select-String : Cannot bind argument to parameter 'Path' because it is null.
At D:\autoDriver\InstallMissingDrivers.ps1:74 char:69
+ ...  = $infFiles | Where-Object { Select-String -Path $_.FullName -Patter ...
+                                                       ~~~~~~~~~~~
    + CategoryInfo          : InvalidData: (:) [Select-String], ParameterBindingValidationException
    + FullyQualifiedErrorId : ParameterArgumentValidationErrorNullNotAllowed,Microsoft.PowerShell.Commands.SelectStrin
   gCommand

PS>TerminatingError(Select-String): "Cannot bind argument to parameter 'Path' because it is null."
Select-String : Cannot bind argument to parameter 'Path' because it is null.
At D:\autoDriver\InstallMissingDrivers.ps1:74 char:69
+ ...  = $infFiles | Where-Object { Select-String -Path $_.FullName -Patter ...
+                                                       ~~~~~~~~~~~
    + CategoryInfo          : InvalidData: (:) [Select-String], ParameterBindingValidationException
    + FullyQualifiedErrorId : ParameterArgumentValidationErrorNullNotAllowed,Microsoft.PowerShell.Commands.SelectStringC
ommand
Select-String : Cannot bind argument to parameter 'Path' because it is null.
At D:\autoDriver\InstallMissingDrivers.ps1:74 char:69
+ ...  = $infFiles | Where-Object { Select-String -Path $_.FullName -Patter ...
+                                                       ~~~~~~~~~~~
    + CategoryInfo          : InvalidData: (:) [Select-String], ParameterBindingValidationException
    + FullyQualifiedErrorId : ParameterArgumentValidationErrorNullNotAllowed,Microsoft.PowerShell.Commands.SelectStrin
   gCommand

PS>TerminatingError(Select-String): "Cannot bind argument to parameter 'Path' because it is null."
Select-String : Cannot bind argument to parameter 'Path' because it is null.
At D:\autoDriver\InstallMissingDrivers.ps1:74 char:69
+ ...  = $infFiles | Where-Object { Select-String -Path $_.FullName -Patter ...
+                                                       ~~~~~~~~~~~
    + CategoryInfo          : InvalidData: (:) [Select-String], ParameterBindingValidationException
    + FullyQualifiedErrorId : ParameterArgumentValidationErrorNullNotAllowed,Microsoft.PowerShell.Commands.SelectStringC
ommand
Select-String : Cannot bind argument to parameter 'Path' because it is null.
At D:\autoDriver\InstallMissingDrivers.ps1:74 char:69
+ ...  = $infFiles | Where-Object { Select-String -Path $_.FullName -Patter ...
+                                                       ~~~~~~~~~~~
    + CategoryInfo          : InvalidData: (:) [Select-String], ParameterBindingValidationException
    + FullyQualifiedErrorId : ParameterArgumentValidationErrorNullNotAllowed,Microsoft.PowerShell.Commands.SelectStrin
   gCommand

PS>TerminatingError(Select-String): "Cannot bind argument to parameter 'Path' because it is null."
Select-String : Cannot bind argument to parameter 'Path' because it is null.
At D:\autoDriver\InstallMissingDrivers.ps1:74 char:69
+ ...  = $infFiles | Where-Object { Select-String -Path $_.FullName -Patter ...
+                                                       ~~~~~~~~~~~
    + CategoryInfo          : InvalidData: (:) [Select-String], ParameterBindingValidationException
    + FullyQualifiedErrorId : ParameterArgumentValidationErrorNullNotAllowed,Microsoft.PowerShell.Commands.SelectStringC
ommand
Select-String : Cannot bind argument to parameter 'Path' because it is null.
At D:\autoDriver\InstallMissingDrivers.ps1:74 char:69
+ ...  = $infFiles | Where-Object { Select-String -Path $_.FullName -Patter ...
+                                                       ~~~~~~~~~~~
    + CategoryInfo          : InvalidData: (:) [Select-String], ParameterBindingValidationException
    + FullyQualifiedErrorId : ParameterArgumentValidationErrorNullNotAllowed,Microsoft.PowerShell.Commands.SelectStrin
   gCommand

PS>TerminatingError(Select-String): "Cannot bind argument to parameter 'Path' because it is null."
Select-String : Cannot bind argument to parameter 'Path' because it is null.
At D:\autoDriver\InstallMissingDrivers.ps1:74 char:69
+ ...  = $infFiles | Where-Object { Select-String -Path $_.FullName -Patter ...
+                                                       ~~~~~~~~~~~
    + CategoryInfo          : InvalidData: (:) [Select-String], ParameterBindingValidationException
    + FullyQualifiedErrorId : ParameterArgumentValidationErrorNullNotAllowed,Microsoft.PowerShell.Commands.SelectStringC
ommand
Select-String : Cannot bind argument to parameter 'Path' because it is null.
At D:\autoDriver\InstallMissingDrivers.ps1:74 char:69
+ ...  = $infFiles | Where-Object { Select-String -Path $_.FullName -Patter ...
+                                                       ~~~~~~~~~~~
    + CategoryInfo          : InvalidData: (:) [Select-String], ParameterBindingValidationException
    + FullyQualifiedErrorId : ParameterArgumentValidationErrorNullNotAllowed,Microsoft.PowerShell.Commands.SelectStrin
   gCommand

PS>TerminatingError(Select-String): "Cannot bind argument to parameter 'Path' because it is null."
Select-String : Cannot bind argument to parameter 'Path' because it is null.
At D:\autoDriver\InstallMissingDrivers.ps1:74 char:69
+ ...  = $infFiles | Where-Object { Select-String -Path $_.FullName -Patter ...
+                                                       ~~~~~~~~~~~
    + CategoryInfo          : InvalidData: (:) [Select-String], ParameterBindingValidationException
    + FullyQualifiedErrorId : ParameterArgumentValidationErrorNullNotAllowed,Microsoft.PowerShell.Commands.SelectStringC
ommand
Select-String : Cannot bind argument to parameter 'Path' because it is null.
At D:\autoDriver\InstallMissingDrivers.ps1:74 char:69
+ ...  = $infFiles | Where-Object { Select-String -Path $_.FullName -Patter ...
+                                                       ~~~~~~~~~~~
    + CategoryInfo          : InvalidData: (:) [Select-String], ParameterBindingValidationException
    + FullyQualifiedErrorId : ParameterArgumentValidationErrorNullNotAllowed,Microsoft.PowerShell.Commands.SelectStrin
   gCommand

PS>TerminatingError(Select-String): "Cannot bind argument to parameter 'Path' because it is null."
Select-String : Cannot bind argument to parameter 'Path' because it is null.
At D:\autoDriver\InstallMissingDrivers.ps1:74 char:69
+ ...  = $infFiles | Where-Object { Select-String -Path $_.FullName -Patter ...
+                                                       ~~~~~~~~~~~
    + CategoryInfo          : InvalidData: (:) [Select-String], ParameterBindingValidationException
    + FullyQualifiedErrorId : ParameterArgumentValidationErrorNullNotAllowed,Microsoft.PowerShell.Commands.SelectStringC
ommand
Select-String : Cannot bind argument to parameter 'Path' because it is null.
At D:\autoDriver\InstallMissingDrivers.ps1:74 char:69
+ ...  = $infFiles | Where-Object { Select-String -Path $_.FullName -Patter ...
+                                                       ~~~~~~~~~~~
    + CategoryInfo          : InvalidData: (:) [Select-String], ParameterBindingValidationException
    + FullyQualifiedErrorId : ParameterArgumentValidationErrorNullNotAllowed,Microsoft.PowerShell.Commands.SelectStrin
   gCommand

PS>TerminatingError(Select-String): "Cannot bind argument to parameter 'Path' because it is null."
Select-String : Cannot bind argument to parameter 'Path' because it is null.
At D:\autoDriver\InstallMissingDrivers.ps1:74 char:69
+ ...  = $infFiles | Where-Object { Select-String -Path $_.FullName -Patter ...
+                                                       ~~~~~~~~~~~
    + CategoryInfo          : InvalidData: (:) [Select-String], ParameterBindingValidationException
    + FullyQualifiedErrorId : ParameterArgumentValidationErrorNullNotAllowed,Microsoft.PowerShell.Commands.SelectStringC
ommand
Select-String : Cannot bind argument to parameter 'Path' because it is null.
At D:\autoDriver\InstallMissingDrivers.ps1:74 char:69
+ ...  = $infFiles | Where-Object { Select-String -Path $_.FullName -Patter ...
+                                                       ~~~~~~~~~~~
    + CategoryInfo          : InvalidData: (:) [Select-String], ParameterBindingValidationException
    + FullyQualifiedErrorId : ParameterArgumentValidationErrorNullNotAllowed,Microsoft.PowerShell.Commands.SelectStrin
   gCommand

PS>TerminatingError(Select-String): "Cannot bind argument to parameter 'Path' because it is null."
Select-String : Cannot bind argument to parameter 'Path' because it is null.
At D:\autoDriver\InstallMissingDrivers.ps1:74 char:69
+ ...  = $infFiles | Where-Object { Select-String -Path $_.FullName -Patter ...
+                                                       ~~~~~~~~~~~
    + CategoryInfo          : InvalidData: (:) [Select-String], ParameterBindingValidationException
    + FullyQualifiedErrorId : ParameterArgumentValidationErrorNullNotAllowed,Microsoft.PowerShell.Commands.SelectStringC
ommand
Select-String : Cannot bind argument to parameter 'Path' because it is null.
At D:\autoDriver\InstallMissingDrivers.ps1:74 char:69
+ ...  = $infFiles | Where-Object { Select-String -Path $_.FullName -Patter ...
+                                                       ~~~~~~~~~~~
    + CategoryInfo          : InvalidData: (:) [Select-String], ParameterBindingValidationException
    + FullyQualifiedErrorId : ParameterArgumentValidationErrorNullNotAllowed,Microsoft.PowerShell.Commands.SelectStrin
   gCommand

PS>TerminatingError(Select-String): "Cannot bind argument to parameter 'Path' because it is null."
Select-String : Cannot bind argument to parameter 'Path' because it is null.
At D:\autoDriver\InstallMissingDrivers.ps1:74 char:69
+ ...  = $infFiles | Where-Object { Select-String -Path $_.FullName -Patter ...
+                                                       ~~~~~~~~~~~
    + CategoryInfo          : InvalidData: (:) [Select-String], ParameterBindingValidationException
    + FullyQualifiedErrorId : ParameterArgumentValidationErrorNullNotAllowed,Microsoft.PowerShell.Commands.SelectStringC
ommand
Select-String : Cannot bind argument to parameter 'Path' because it is null.
At D:\autoDriver\InstallMissingDrivers.ps1:74 char:69
+ ...  = $infFiles | Where-Object { Select-String -Path $_.FullName -Patter ...
+                                                       ~~~~~~~~~~~
    + CategoryInfo          : InvalidData: (:) [Select-String], ParameterBindingValidationException
    + FullyQualifiedErrorId : ParameterArgumentValidationErrorNullNotAllowed,Microsoft.PowerShell.Commands.SelectStrin
   gCommand

PS>TerminatingError(Select-String): "Cannot bind argument to parameter 'Path' because it is null."
Select-String : Cannot bind argument to parameter 'Path' because it is null.
At D:\autoDriver\InstallMissingDrivers.ps1:74 char:69
+ ...  = $infFiles | Where-Object { Select-String -Path $_.FullName -Patter ...
+                                                       ~~~~~~~~~~~
    + CategoryInfo          : InvalidData: (:) [Select-String], ParameterBindingValidationException
    + FullyQualifiedErrorId : ParameterArgumentValidationErrorNullNotAllowed,Microsoft.PowerShell.Commands.SelectStringC
ommand
Select-String : Cannot bind argument to parameter 'Path' because it is null.
At D:\autoDriver\InstallMissingDrivers.ps1:74 char:69
+ ...  = $infFiles | Where-Object { Select-String -Path $_.FullName -Patter ...
+                                                       ~~~~~~~~~~~
    + CategoryInfo          : InvalidData: (:) [Select-String], ParameterBindingValidationException
    + FullyQualifiedErrorId : ParameterArgumentValidationErrorNullNotAllowed,Microsoft.PowerShell.Commands.SelectStrin
   gCommand

PS>TerminatingError(Select-String): "Cannot bind argument to parameter 'Path' because it is null."
Select-String : Cannot bind argument to parameter 'Path' because it is null.
At D:\autoDriver\InstallMissingDrivers.ps1:74 char:69
+ ...  = $infFiles | Where-Object { Select-String -Path $_.FullName -Patter ...
+                                                       ~~~~~~~~~~~
    + CategoryInfo          : InvalidData: (:) [Select-String], ParameterBindingValidationException
    + FullyQualifiedErrorId : ParameterArgumentValidationErrorNullNotAllowed,Microsoft.PowerShell.Commands.SelectStringC
ommand
Select-String : Cannot bind argument to parameter 'Path' because it is null.
At D:\autoDriver\InstallMissingDrivers.ps1:74 char:69
+ ...  = $infFiles | Where-Object { Select-String -Path $_.FullName -Patter ...
+                                                       ~~~~~~~~~~~
    + CategoryInfo          : InvalidData: (:) [Select-String], ParameterBindingValidationException
    + FullyQualifiedErrorId : ParameterArgumentValidationErrorNullNotAllowed,Microsoft.PowerShell.Commands.SelectStrin
   gCommand

PS>TerminatingError(Select-String): "Cannot bind argument to parameter 'Path' because it is null."
Select-String : Cannot bind argument to parameter 'Path' because it is null.
At D:\autoDriver\InstallMissingDrivers.ps1:74 char:69
+ ...  = $infFiles | Where-Object { Select-String -Path $_.FullName -Patter ...
+                                                       ~~~~~~~~~~~
    + CategoryInfo          : InvalidData: (:) [Select-String], ParameterBindingValidationException
    + FullyQualifiedErrorId : ParameterArgumentValidationErrorNullNotAllowed,Microsoft.PowerShell.Commands.SelectStringC
ommand
Select-String : Cannot bind argument to parameter 'Path' because it is null.
At D:\autoDriver\InstallMissingDrivers.ps1:74 char:69
+ ...  = $infFiles | Where-Object { Select-String -Path $_.FullName -Patter ...
+                                                       ~~~~~~~~~~~
    + CategoryInfo          : InvalidData: (:) [Select-String], ParameterBindingValidationException
    + FullyQualifiedErrorId : ParameterArgumentValidationErrorNullNotAllowed,Microsoft.PowerShell.Commands.SelectStrin
   gCommand

PS>TerminatingError(Select-String): "Cannot bind argument to parameter 'Path' because it is null."
Select-String : Cannot bind argument to parameter 'Path' because it is null.
At D:\autoDriver\InstallMissingDrivers.ps1:74 char:69
+ ...  = $infFiles | Where-Object { Select-String -Path $_.FullName -Patter ...
+                                                       ~~~~~~~~~~~
    + CategoryInfo          : InvalidData: (:) [Select-String], ParameterBindingValidationException
    + FullyQualifiedErrorId : ParameterArgumentValidationErrorNullNotAllowed,Microsoft.PowerShell.Commands.SelectStringC
ommand
Select-String : Cannot bind argument to parameter 'Path' because it is null.
At D:\autoDriver\InstallMissingDrivers.ps1:74 char:69
+ ...  = $infFiles | Where-Object { Select-String -Path $_.FullName -Patter ...
+                                                       ~~~~~~~~~~~
    + CategoryInfo          : InvalidData: (:) [Select-String], ParameterBindingValidationException
    + FullyQualifiedErrorId : ParameterArgumentValidationErrorNullNotAllowed,Microsoft.PowerShell.Commands.SelectStrin
   gCommand

PS>TerminatingError(Select-String): "Cannot bind argument to parameter 'Path' because it is null."
Select-String : Cannot bind argument to parameter 'Path' because it is null.
At D:\autoDriver\InstallMissingDrivers.ps1:74 char:69
+ ...  = $infFiles | Where-Object { Select-String -Path $_.FullName -Patter ...
+                                                       ~~~~~~~~~~~
    + CategoryInfo          : InvalidData: (:) [Select-String], ParameterBindingValidationException
    + FullyQualifiedErrorId : ParameterArgumentValidationErrorNullNotAllowed,Microsoft.PowerShell.Commands.SelectStringC
ommand
Select-String : Cannot bind argument to parameter 'Path' because it is null.
At D:\autoDriver\InstallMissingDrivers.ps1:74 char:69
+ ...  = $infFiles | Where-Object { Select-String -Path $_.FullName -Patter ...
+                                                       ~~~~~~~~~~~
    + CategoryInfo          : InvalidData: (:) [Select-String], ParameterBindingValidationException
    + FullyQualifiedErrorId : ParameterArgumentValidationErrorNullNotAllowed,Microsoft.PowerShell.Commands.SelectStrin
   gCommand

  [!] No INF found. Skipping.

Processing: USB2.0-CRW [USB\VID_0BDA&PID_0129\20100201396000000]
PS>TerminatingError(Select-String): "Cannot bind argument to parameter 'Path' because it is null."
Select-String : Cannot bind argument to parameter 'Path' because it is null.
At D:\autoDriver\InstallMissingDrivers.ps1:74 char:69
+ ...  = $infFiles | Where-Object { Select-String -Path $_.FullName -Patter ...
+                                                       ~~~~~~~~~~~
    + CategoryInfo          : InvalidData: (:) [Select-String], ParameterBindingValidationException
    + FullyQualifiedErrorId : ParameterArgumentValidationErrorNullNotAllowed,Microsoft.PowerShell.Commands.SelectStringC
ommand
Select-String : Cannot bind argument to parameter 'Path' because it is null.
At D:\autoDriver\InstallMissingDrivers.ps1:74 char:69
+ ...  = $infFiles | Where-Object { Select-String -Path $_.FullName -Patter ...
+                                                       ~~~~~~~~~~~
    + CategoryInfo          : InvalidData: (:) [Select-String], ParameterBindingValidationException
    + FullyQualifiedErrorId : ParameterArgumentValidationErrorNullNotAllowed,Microsoft.PowerShell.Commands.SelectStrin
   gCommand

PS>TerminatingError(Select-String): "Cannot bind argument to parameter 'Path' because it is null."
Select-String : Cannot bind argument to parameter 'Path' because it is null.
At D:\autoDriver\InstallMissingDrivers.ps1:74 char:69
+ ...  = $infFiles | Where-Object { Select-String -Path $_.FullName -Patter ...
+                                                       ~~~~~~~~~~~
    + CategoryInfo          : InvalidData: (:) [Select-String], ParameterBindingValidationException
    + FullyQualifiedErrorId : ParameterArgumentValidationErrorNullNotAllowed,Microsoft.PowerShell.Commands.SelectStringC
ommand
Select-String : Cannot bind argument to parameter 'Path' because it is null.
At D:\autoDriver\InstallMissingDrivers.ps1:74 char:69
+ ...  = $infFiles | Where-Object { Select-String -Path $_.FullName -Patter ...
+                                                       ~~~~~~~~~~~
    + CategoryInfo          : InvalidData: (:) [Select-String], ParameterBindingValidationException
    + FullyQualifiedErrorId : ParameterArgumentValidationErrorNullNotAllowed,Microsoft.PowerShell.Commands.SelectStrin
   gCommand

PS>TerminatingError(Select-String): "Cannot bind argument to parameter 'Path' because it is null."
Select-String : Cannot bind argument to parameter 'Path' because it is null.
At D:\autoDriver\InstallMissingDrivers.ps1:74 char:69
+ ...  = $infFiles | Where-Object { Select-String -Path $_.FullName -Patter ...
+                                                       ~~~~~~~~~~~
    + CategoryInfo          : InvalidData: (:) [Select-String], ParameterBindingValidationException
    + FullyQualifiedErrorId : ParameterArgumentValidationErrorNullNotAllowed,Microsoft.PowerShell.Commands.SelectStringC
ommand
Select-String : Cannot bind argument to parameter 'Path' because it is null.
At D:\autoDriver\InstallMissingDrivers.ps1:74 char:69
+ ...  = $infFiles | Where-Object { Select-String -Path $_.FullName -Patter ...
+                                                       ~~~~~~~~~~~
    + CategoryInfo          : InvalidData: (:) [Select-String], ParameterBindingValidationException
    + FullyQualifiedErrorId : ParameterArgumentValidationErrorNullNotAllowed,Microsoft.PowerShell.Commands.SelectStrin
   gCommand

PS>TerminatingError(Select-String): "Cannot bind argument to parameter 'Path' because it is null."
Select-String : Cannot bind argument to parameter 'Path' because it is null.
At D:\autoDriver\InstallMissingDrivers.ps1:74 char:69
+ ...  = $infFiles | Where-Object { Select-String -Path $_.FullName -Patter ...
+                                                       ~~~~~~~~~~~
    + CategoryInfo          : InvalidData: (:) [Select-String], ParameterBindingValidationException
    + FullyQualifiedErrorId : ParameterArgumentValidationErrorNullNotAllowed,Microsoft.PowerShell.Commands.SelectStringC
ommand
Select-String : Cannot bind argument to parameter 'Path' because it is null.
At D:\autoDriver\InstallMissingDrivers.ps1:74 char:69
+ ...  = $infFiles | Where-Object { Select-String -Path $_.FullName -Patter ...
+                                                       ~~~~~~~~~~~
    + CategoryInfo          : InvalidData: (:) [Select-String], ParameterBindingValidationException
    + FullyQualifiedErrorId : ParameterArgumentValidationErrorNullNotAllowed,Microsoft.PowerShell.Commands.SelectStrin
   gCommand

PS>TerminatingError(Select-String): "Cannot bind argument to parameter 'Path' because it is null."
Select-String : Cannot bind argument to parameter 'Path' because it is null.
At D:\autoDriver\InstallMissingDrivers.ps1:74 char:69
+ ...  = $infFiles | Where-Object { Select-String -Path $_.FullName -Patter ...
+                                                       ~~~~~~~~~~~
    + CategoryInfo          : InvalidData: (:) [Select-String], ParameterBindingValidationException
    + FullyQualifiedErrorId : ParameterArgumentValidationErrorNullNotAllowed,Microsoft.PowerShell.Commands.SelectStringC
ommand
Select-String : Cannot bind argument to parameter 'Path' because it is null.
At D:\autoDriver\InstallMissingDrivers.ps1:74 char:69
+ ...  = $infFiles | Where-Object { Select-String -Path $_.FullName -Patter ...
+                                                       ~~~~~~~~~~~
    + CategoryInfo          : InvalidData: (:) [Select-String], ParameterBindingValidationException
    + FullyQualifiedErrorId : ParameterArgumentValidationErrorNullNotAllowed,Microsoft.PowerShell.Commands.SelectStrin
   gCommand

PS>TerminatingError(Select-String): "Cannot bind argument to parameter 'Path' because it is null."
Select-String : Cannot bind argument to parameter 'Path' because it is null.
At D:\autoDriver\InstallMissingDrivers.ps1:74 char:69
+ ...  = $infFiles | Where-Object { Select-String -Path $_.FullName -Patter ...
+                                                       ~~~~~~~~~~~
    + CategoryInfo          : InvalidData: (:) [Select-String], ParameterBindingValidationException
    + FullyQualifiedErrorId : ParameterArgumentValidationErrorNullNotAllowed,Microsoft.PowerShell.Commands.SelectStringC
ommand
Select-String : Cannot bind argument to parameter 'Path' because it is null.
At D:\autoDriver\InstallMissingDrivers.ps1:74 char:69
+ ...  = $infFiles | Where-Object { Select-String -Path $_.FullName -Patter ...
+                                                       ~~~~~~~~~~~
    + CategoryInfo          : InvalidData: (:) [Select-String], ParameterBindingValidationException
    + FullyQualifiedErrorId : ParameterArgumentValidationErrorNullNotAllowed,Microsoft.PowerShell.Commands.SelectStrin
   gCommand

PS>TerminatingError(Select-String): "Cannot bind argument to parameter 'Path' because it is null."
Select-String : Cannot bind argument to parameter 'Path' because it is null.
At D:\autoDriver\InstallMissingDrivers.ps1:74 char:69
+ ...  = $infFiles | Where-Object { Select-String -Path $_.FullName -Patter ...
+                                                       ~~~~~~~~~~~
    + CategoryInfo          : InvalidData: (:) [Select-String], ParameterBindingValidationException
    + FullyQualifiedErrorId : ParameterArgumentValidationErrorNullNotAllowed,Microsoft.PowerShell.Commands.SelectStringC
ommand
Select-String : Cannot bind argument to parameter 'Path' because it is null.
At D:\autoDriver\InstallMissingDrivers.ps1:74 char:69
+ ...  = $infFiles | Where-Object { Select-String -Path $_.FullName -Patter ...
+                                                       ~~~~~~~~~~~
    + CategoryInfo          : InvalidData: (:) [Select-String], ParameterBindingValidationException
    + FullyQualifiedErrorId : ParameterArgumentValidationErrorNullNotAllowed,Microsoft.PowerShell.Commands.SelectStrin
   gCommand

PS>TerminatingError(Select-String): "Cannot bind argument to parameter 'Path' because it is null."
Select-String : Cannot bind argument to parameter 'Path' because it is null.
At D:\autoDriver\InstallMissingDrivers.ps1:74 char:69
+ ...  = $infFiles | Where-Object { Select-String -Path $_.FullName -Patter ...
+                                                       ~~~~~~~~~~~
    + CategoryInfo          : InvalidData: (:) [Select-String], ParameterBindingValidationException
    + FullyQualifiedErrorId : ParameterArgumentValidationErrorNullNotAllowed,Microsoft.PowerShell.Commands.SelectStringC
ommand
Select-String : Cannot bind argument to parameter 'Path' because it is null.
At D:\autoDriver\InstallMissingDrivers.ps1:74 char:69
+ ...  = $infFiles | Where-Object { Select-String -Path $_.FullName -Patter ...
+                                                       ~~~~~~~~~~~
    + CategoryInfo          : InvalidData: (:) [Select-String], ParameterBindingValidationException
    + FullyQualifiedErrorId : ParameterArgumentValidationErrorNullNotAllowed,Microsoft.PowerShell.Commands.SelectStrin
   gCommand

PS>TerminatingError(Select-String): "Cannot bind argument to parameter 'Path' because it is null."
Select-String : Cannot bind argument to parameter 'Path' because it is null.
At D:\autoDriver\InstallMissingDrivers.ps1:74 char:69
+ ...  = $infFiles | Where-Object { Select-String -Path $_.FullName -Patter ...
+                                                       ~~~~~~~~~~~
    + CategoryInfo          : InvalidData: (:) [Select-String], ParameterBindingValidationException
    + FullyQualifiedErrorId : ParameterArgumentValidationErrorNullNotAllowed,Microsoft.PowerShell.Commands.SelectStringC
ommand
Select-String : Cannot bind argument to parameter 'Path' because it is null.
At D:\autoDriver\InstallMissingDrivers.ps1:74 char:69
+ ...  = $infFiles | Where-Object { Select-String -Path $_.FullName -Patter ...
+                                                       ~~~~~~~~~~~
    + CategoryInfo          : InvalidData: (:) [Select-String], ParameterBindingValidationException
    + FullyQualifiedErrorId : ParameterArgumentValidationErrorNullNotAllowed,Microsoft.PowerShell.Commands.SelectStrin
   gCommand

PS>TerminatingError(Select-String): "Cannot bind argument to parameter 'Path' because it is null."
Select-String : Cannot bind argument to parameter 'Path' because it is null.
At D:\autoDriver\InstallMissingDrivers.ps1:74 char:69
+ ...  = $infFiles | Where-Object { Select-String -Path $_.FullName -Patter ...
+                                                       ~~~~~~~~~~~
    + CategoryInfo          : InvalidData: (:) [Select-String], ParameterBindingValidationException
    + FullyQualifiedErrorId : ParameterArgumentValidationErrorNullNotAllowed,Microsoft.PowerShell.Commands.SelectStringC
ommand
Select-String : Cannot bind argument to parameter 'Path' because it is null.
At D:\autoDriver\InstallMissingDrivers.ps1:74 char:69
+ ...  = $infFiles | Where-Object { Select-String -Path $_.FullName -Patter ...
+                                                       ~~~~~~~~~~~
    + CategoryInfo          : InvalidData: (:) [Select-String], ParameterBindingValidationException
    + FullyQualifiedErrorId : ParameterArgumentValidationErrorNullNotAllowed,Microsoft.PowerShell.Commands.SelectStrin
   gCommand

PS>TerminatingError(Select-String): "Cannot bind argument to parameter 'Path' because it is null."
Select-String : Cannot bind argument to parameter 'Path' because it is null.
At D:\autoDriver\InstallMissingDrivers.ps1:74 char:69
+ ...  = $infFiles | Where-Object { Select-String -Path $_.FullName -Patter ...
+                                                       ~~~~~~~~~~~
    + CategoryInfo          : InvalidData: (:) [Select-String], ParameterBindingValidationException
    + FullyQualifiedErrorId : ParameterArgumentValidationErrorNullNotAllowed,Microsoft.PowerShell.Commands.SelectStringC
ommand
Select-String : Cannot bind argument to parameter 'Path' because it is null.
At D:\autoDriver\InstallMissingDrivers.ps1:74 char:69
+ ...  = $infFiles | Where-Object { Select-String -Path $_.FullName -Patter ...
+                                                       ~~~~~~~~~~~
    + CategoryInfo          : InvalidData: (:) [Select-String], ParameterBindingValidationException
    + FullyQualifiedErrorId : ParameterArgumentValidationErrorNullNotAllowed,Microsoft.PowerShell.Commands.SelectStrin
   gCommand

  [!] No INF found. Skipping.

Summary of operations:

Name                 DeviceID                                                        Status INF
----                 --------                                                        ------ ---
                     ACPI\WFDT0000\0                                                 NoINF
MAFP General Device  USB\VID_3274&PID_8012\1120050403020912                          NoINF
Network Controller   PCI\VEN_10EC&DEV_B852&SUBSYS_B85210EC&REV_00\00E04CFFFE88520100 NoINF
USB2.0-CRW           USB\VID_0BDA&PID_0129\20100201396000000                         NoINF


**********************
Windows PowerShell transcript end
End time: 20250819163447
**********************
[%DATE% %TIME%] Завершено (код ошибки: %ERRORLEVEL%) 
